2022-08-09 11:43:58,580:	 INFO:	:>>>>>>>>>>>>>>>>>>>>>>>>>>>>>>>>>>>>>>>>>>>>>>>>>>>>>>>>>>>>Model trainer log started.<<<<<<<<<<<<<<<<<<<<<<<<<<<<<<<<<<<<<<<<<<<<<<<<<<<<<<<<<<<< 
2022-08-09 11:43:58,580:	 INFO:	:Loading transformed training dataset
2022-08-09 11:43:58,585:	 INFO:	:>>>>>>>>>>>>>>>>>>>>>>>>>>>>>>>>>>>>>>>>>>>>>>>>>>>>>>>>>>>>Base Model.<<<<<<<<<<<<<<<<<<<<<<<<<<<<<<<<<<<<<<<<<<<<<<<<<<<<<<<<<<<< 
2022-08-09 11:43:58,585:	 INFO:	:Expected accuracy: 0.3
2022-08-09 11:43:58,585:	 INFO:	:Extracting model config file path
2022-08-09 11:57:04,440:	 INFO:	:{'experiment_id': None, 'model_name': 'SVC', 'model_object': SVC(C=0.4, gamma=1.0, probability=True, random_state=1965), 'train_precision': 0.86470885345263, 'test_precision': 0.8109903381642513, 'train_recall': 0.8025179133462801, 'test_recall': 0.7147418839808408, 'train_f1': 0.8324534592942485, 'test_f1': 0.7598302687411598, 'train_accuracy': 0.838689182410968, 'test_accuracy': 0.7729035709509161, 'accuracy_diff': 0.06578561146005191, 'model_accuracy': 0.8057963766809421, 'model_index': 4}
2022-08-09 11:57:04,443:	 INFO:	:>>>>>>>>>>>>>>>>>>>>>>>>>>>>>>>>>>>>>>>>>>>>>>>>>>>>>>>>>>>>Base model done<<<<<<<<<<<<<<<<<<<<<<<<<<<<<<<<<<<<<<<<<<<<<<<<<<<<<<<<<<<< 
2022-08-09 11:57:04,444:	 INFO:	:>>>>>>>>>>>>>>>>>>>>>>>>>>>>>>>>>>>>>>>>>>>>>>>>>>>>>>>>>>>>Training model for cluster 0.0>>>>>>>>>>>>>>>>>>>>>>>>>>>>>>>>>>>>>>>>>>>>>>>>>>>>>>>>>>>>
2022-08-09 11:57:04,446:	 INFO:	:Extracting model config file path
2022-08-09 11:57:04,446:	 INFO:	:Initializing model factory class using above model config file: config/model.yaml
2022-08-09 11:57:04,450:	 INFO:	:Expected accuracy: 0.3
2022-08-09 11:57:04,450:	 INFO:	:Initiating operation model selection
2022-08-09 12:02:57,186:	 INFO:	:Best model found on training dataset: GridSearchedBestModel(model_serial_number='model_4', model=<catboost.core.CatBoostClassifier object at 0x7f6bbc89ac18>, best_model=<catboost.core.CatBoostClassifier object at 0x7f6b7f4a6b00>, best_parameters={'eval_metric': 'AUC', 'learning_rate': 0.1, 'max_depth': 9, 'n_estimators': 700, 'random_state': 1965}, best_score=0.8753628576470307)
2022-08-09 12:02:57,186:	 INFO:	:Extracting trained model list.
2022-08-09 12:02:57,197:	 INFO:	:Model list: [RandomForestClassifier(max_depth=8, n_estimators=600, random_state=1965), XGBClassifier(base_score=0.5, booster='gbtree', callbacks=None,
              colsample_bylevel=1, colsample_bynode=1, colsample_bytree=1,
              early_stopping_rounds=None, enable_categorical=False,
              eval_metric='auc', gamma=0.1, gpu_id=-1, grow_policy='depthwise',
              importance_type=None, interaction_constraints='',
              learning_rate=0.1, max_bin=256, max_cat_to_onehot=4,
              max_delta_step=0, max_depth=9, max_leaves=0, min_child_weight=1,
              missing=nan, monotone_constraints='()', n_estimators=700,
              n_jobs=0, num_parallel_tree=1, predictor='auto',
              random_state=1965, reg_alpha=0, reg_lambda=1, ...), LogisticRegression(C=0.9, random_state=1965, solver='liblinear'), <catboost.core.CatBoostClassifier object at 0x7f6b7f4a6b00>, SVC(C=0.4, gamma=1.0, probability=True, random_state=1965), GaussianNB(var_smoothing=1.0)] , 6
2022-08-09 12:02:57,197:	 INFO:	:Evaluation all trained model on training and testing dataset both
2022-08-09 12:03:31,167:	 INFO:	:Metric info: MetricInfoArtifact()
2022-08-09 12:03:31,168:	 INFO:	:>>>>>>>>>>>>>>>>>>>>>>>>>>>>>>>>>>>>>>>>>>>>>>>>>>>>>>>>>>>>Training model for cluster 1.0>>>>>>>>>>>>>>>>>>>>>>>>>>>>>>>>>>>>>>>>>>>>>>>>>>>>>>>>>>>>
2022-08-09 12:03:31,169:	 INFO:	:Extracting model config file path
2022-08-09 12:03:31,169:	 INFO:	:Initializing model factory class using above model config file: config/model.yaml
2022-08-09 12:03:31,174:	 INFO:	:Expected accuracy: 0.3
2022-08-09 12:03:31,174:	 INFO:	:Initiating operation model selection
2022-08-09 12:05:44,162:	 INFO:	:Best model found on training dataset: GridSearchedBestModel(model_serial_number='model_4', model=<catboost.core.CatBoostClassifier object at 0x7f6b7f513cf8>, best_model=<catboost.core.CatBoostClassifier object at 0x7f6bbdabd8d0>, best_parameters={'eval_metric': 'AUC', 'learning_rate': 0.1, 'max_depth': 9, 'n_estimators': 700, 'random_state': 1965}, best_score=0.8920071527193687)
2022-08-09 12:05:44,162:	 INFO:	:Extracting trained model list.
2022-08-09 12:05:44,167:	 INFO:	:Model list: [RandomForestClassifier(max_depth=8, n_estimators=600, random_state=1965), XGBClassifier(base_score=0.5, booster='gbtree', callbacks=None,
              colsample_bylevel=1, colsample_bynode=1, colsample_bytree=1,
              early_stopping_rounds=None, enable_categorical=False,
              eval_metric='auc', gamma=0.0, gpu_id=-1, grow_policy='depthwise',
              importance_type=None, interaction_constraints='',
              learning_rate=0.1, max_bin=256, max_cat_to_onehot=4,
              max_delta_step=0, max_depth=9, max_leaves=0, min_child_weight=1,
              missing=nan, monotone_constraints='()', n_estimators=500,
              n_jobs=0, num_parallel_tree=1, predictor='auto',
              random_state=1965, reg_alpha=0, reg_lambda=1, ...), LogisticRegression(C=0.9, random_state=1965, solver='newton-cg'), <catboost.core.CatBoostClassifier object at 0x7f6bbdabd8d0>, SVC(C=0.4, gamma=1.0, probability=True, random_state=1965), GaussianNB(var_smoothing=1.0)] , 6
2022-08-09 12:05:44,167:	 INFO:	:Evaluation all trained model on training and testing dataset both
2022-08-09 12:05:52,709:	 INFO:	:Metric info: MetricInfoArtifact()
2022-08-09 12:05:52,710:	 INFO:	:>>>>>>>>>>>>>>>>>>>>>>>>>>>>>>>>>>>>>>>>>>>>>>>>>>>>>>>>>>>>Training model for cluster 2.0>>>>>>>>>>>>>>>>>>>>>>>>>>>>>>>>>>>>>>>>>>>>>>>>>>>>>>>>>>>>
2022-08-09 12:05:52,711:	 INFO:	:Extracting model config file path
2022-08-09 12:05:52,711:	 INFO:	:Initializing model factory class using above model config file: config/model.yaml
2022-08-09 12:05:52,716:	 INFO:	:Expected accuracy: 0.3
2022-08-09 12:05:52,716:	 INFO:	:Initiating operation model selection
2022-08-09 12:09:47,449:	 INFO:	:Best model found on training dataset: GridSearchedBestModel(model_serial_number='model_4', model=<catboost.core.CatBoostClassifier object at 0x7f6bba2e7518>, best_model=<catboost.core.CatBoostClassifier object at 0x7f6b7e9b4e80>, best_parameters={'eval_metric': 'AUC', 'learning_rate': 0.1, 'max_depth': 9, 'n_estimators': 700, 'random_state': 1965}, best_score=0.8579873511374908)
2022-08-09 12:09:47,449:	 INFO:	:Extracting trained model list.
2022-08-09 12:09:47,476:	 INFO:	:Model list: [RandomForestClassifier(max_depth=8, n_estimators=500, random_state=1965), XGBClassifier(base_score=0.5, booster='gbtree', callbacks=None,
              colsample_bylevel=1, colsample_bynode=1, colsample_bytree=1,
              early_stopping_rounds=None, enable_categorical=False,
              eval_metric='auc', gamma=0.0, gpu_id=-1, grow_policy='depthwise',
              importance_type=None, interaction_constraints='',
              learning_rate=0.1, max_bin=256, max_cat_to_onehot=4,
              max_delta_step=0, max_depth=9, max_leaves=0, min_child_weight=1,
              missing=nan, monotone_constraints='()', n_estimators=700,
              n_jobs=0, num_parallel_tree=1, predictor='auto',
              random_state=1965, reg_alpha=0, reg_lambda=1, ...), LogisticRegression(random_state=1965), <catboost.core.CatBoostClassifier object at 0x7f6b7e9b4e80>, SVC(C=0.4, gamma=1.0, probability=True, random_state=1965), GaussianNB(var_smoothing=1.0)] , 6
2022-08-09 12:09:47,476:	 INFO:	:Evaluation all trained model on training and testing dataset both
2022-08-09 12:10:12,958:	 INFO:	:Metric info: MetricInfoArtifact()
2022-08-09 12:10:12,959:	 INFO:	:Best found model on both training and testing dataset.
2022-08-09 12:10:36,756:	 INFO:	:Saving model at path: /home/pk/Desktop/MachineLearning/project/Credit_card_default/CCdefault/app_artifact/stage03_model_training/trained_model/20220809114247/model.pkl
2022-08-09 12:10:36,759:	 INFO:	:Model Trainer Artifact: ModelTrainerArtifact(is_trained=True, message='Model Trained successfully', trained_model_file_path='/home/pk/Desktop/MachineLearning/project/Credit_card_default/CCdefault/app_artifact/stage03_model_training/trained_model/20220809114247/model.pkl', train_f1=0.42144731908511435, test_f1=0.42144731908511435, train_precision=0.6063277191877853, test_precision=0.41940298507462687, model_accuracy=0.7889583333333333)
2022-08-09 12:10:36,763:	 INFO:	:>>>>>>>>>>>>>>>>>>>>>>>>>>>>>>>>>>>>>>>>>>>>>>>>>>>>>>>>>>>>Model trainer log completed.<<<<<<<<<<<<<<<<<<<<<<<<<<<<<<<<<<<<<<<<<<<<<<<<<<<<<<<<<<<< 
2022-08-09 12:18:16,018:	 INFO:	:>>>>>>>>>>>>>>>>>>>>>>>>>>>>>>>>>>>>>>>>>>>>>>>>>>>>>>>>>>>>Model trainer log started.<<<<<<<<<<<<<<<<<<<<<<<<<<<<<<<<<<<<<<<<<<<<<<<<<<<<<<<<<<<< 
2022-08-09 12:18:16,018:	 INFO:	:Loading transformed training dataset
2022-08-09 12:18:16,024:	 INFO:	:>>>>>>>>>>>>>>>>>>>>>>>>>>>>>>>>>>>>>>>>>>>>>>>>>>>>>>>>>>>>Base Model.<<<<<<<<<<<<<<<<<<<<<<<<<<<<<<<<<<<<<<<<<<<<<<<<<<<<<<<<<<<< 
2022-08-09 12:18:16,024:	 INFO:	:Expected accuracy: 0.3
2022-08-09 12:18:16,024:	 INFO:	:Extracting model config file path
2022-08-09 12:31:44,464:	 INFO:	:{'experiment_id': None, 'model_name': 'CatBoostClassifier', 'model_object': <catboost.core.CatBoostClassifier object at 0x7fe85ddc7940>, 'train_precision': 0.9923680011101089, 'test_precision': 0.9203719848881139, 'train_recall': 0.9578115582937119, 'test_recall': 0.8427354976051091, 'train_f1': 0.9747836161657465, 'test_f1': 0.8798444228365051, 'train_accuracy': 0.9752549740846013, 'test_accuracy': 0.8843118897953725, 'accuracy_diff': 0.09094308428922881, 'model_accuracy': 0.9297834319399869, 'model_index': 3}
2022-08-09 12:31:44,472:	 INFO:	:>>>>>>>>>>>>>>>>>>>>>>>>>>>>>>>>>>>>>>>>>>>>>>>>>>>>>>>>>>>>Base model done<<<<<<<<<<<<<<<<<<<<<<<<<<<<<<<<<<<<<<<<<<<<<<<<<<<<<<<<<<<< 
2022-08-09 12:31:44,473:	 INFO:	:>>>>>>>>>>>>>>>>>>>>>>>>>>>>>>>>>>>>>>>>>>>>>>>>>>>>>>>>>>>>Training model for cluster 0.0>>>>>>>>>>>>>>>>>>>>>>>>>>>>>>>>>>>>>>>>>>>>>>>>>>>>>>>>>>>>
2022-08-09 12:31:44,473:	 INFO:	:Extracting model config file path
2022-08-09 12:31:44,474:	 INFO:	:Initializing model factory class using above model config file: config/model.yaml
2022-08-09 12:31:44,478:	 INFO:	:Expected accuracy: 0.3
2022-08-09 12:31:44,478:	 INFO:	:Initiating operation model selection
2022-08-09 12:34:10,427:	 INFO:	:Best model found on training dataset: GridSearchedBestModel(model_serial_number='model_4', model=<catboost.core.CatBoostClassifier object at 0x7fe85cccfbe0>, best_model=<catboost.core.CatBoostClassifier object at 0x7fe85de91ba8>, best_parameters={'eval_metric': 'AUC', 'learning_rate': 0.1, 'max_depth': 9, 'n_estimators': 700, 'random_state': 1965}, best_score=0.9218660523474568)
2022-08-09 12:34:10,427:	 INFO:	:Extracting trained model list.
2022-08-09 12:34:10,428:	 INFO:	:Model list: [RandomForestClassifier(criterion='entropy', max_depth=8, n_estimators=600,
                       random_state=1965), XGBClassifier(base_score=0.5, booster='gbtree', callbacks=None,
              colsample_bylevel=1, colsample_bynode=1, colsample_bytree=1,
              early_stopping_rounds=None, enable_categorical=False,
              eval_metric='auc', gamma=0.1, gpu_id=-1, grow_policy='depthwise',
              importance_type=None, interaction_constraints='',
              learning_rate=0.1, max_bin=256, max_cat_to_onehot=4,
              max_delta_step=0, max_depth=9, max_leaves=0, min_child_weight=1,
              missing=nan, monotone_constraints='()', n_estimators=500,
              n_jobs=0, num_parallel_tree=1, predictor='auto',
              random_state=1965, reg_alpha=0, reg_lambda=1, ...), LogisticRegression(C=0.9, random_state=1965), <catboost.core.CatBoostClassifier object at 0x7fe85de91ba8>, SVC(C=0.4, gamma=1.0, probability=True, random_state=1965), GaussianNB(var_smoothing=1.0)] , 6
2022-08-09 12:34:10,428:	 INFO:	:Evaluation all trained model on training and testing dataset both
2022-08-09 12:34:18,535:	 INFO:	:Metric info: MetricInfoArtifact()
2022-08-09 12:34:18,544:	 INFO:	:>>>>>>>>>>>>>>>>>>>>>>>>>>>>>>>>>>>>>>>>>>>>>>>>>>>>>>>>>>>>Training model for cluster 1.0>>>>>>>>>>>>>>>>>>>>>>>>>>>>>>>>>>>>>>>>>>>>>>>>>>>>>>>>>>>>
2022-08-09 12:34:18,547:	 INFO:	:Extracting model config file path
2022-08-09 12:34:18,547:	 INFO:	:Initializing model factory class using above model config file: config/model.yaml
2022-08-09 12:34:18,553:	 INFO:	:Expected accuracy: 0.3
2022-08-09 12:34:18,554:	 INFO:	:Initiating operation model selection
2022-08-09 12:40:31,248:	 INFO:	:Best model found on training dataset: GridSearchedBestModel(model_serial_number='model_4', model=<catboost.core.CatBoostClassifier object at 0x7fe85c7f22b0>, best_model=<catboost.core.CatBoostClassifier object at 0x7fe81f512ef0>, best_parameters={'eval_metric': 'AUC', 'learning_rate': 0.1, 'max_depth': 9, 'n_estimators': 700, 'random_state': 1965}, best_score=0.9319713895467592)
2022-08-09 12:40:31,249:	 INFO:	:Extracting trained model list.
2022-08-09 12:40:31,269:	 INFO:	:Model list: [RandomForestClassifier(max_depth=8, n_estimators=600, random_state=1965), XGBClassifier(base_score=0.5, booster='gbtree', callbacks=None,
              colsample_bylevel=1, colsample_bynode=1, colsample_bytree=1,
              early_stopping_rounds=None, enable_categorical=False,
              eval_metric='auc', gamma=0.1, gpu_id=-1, grow_policy='depthwise',
              importance_type=None, interaction_constraints='',
              learning_rate=0.1, max_bin=256, max_cat_to_onehot=4,
              max_delta_step=0, max_depth=9, max_leaves=0, min_child_weight=1,
              missing=nan, monotone_constraints='()', n_estimators=500,
              n_jobs=0, num_parallel_tree=1, predictor='auto',
              random_state=1965, reg_alpha=0, reg_lambda=1, ...), LogisticRegression(C=0.9, random_state=1965), <catboost.core.CatBoostClassifier object at 0x7fe81f512ef0>, SVC(C=0.4, gamma=1.0, probability=True, random_state=1965), GaussianNB(var_smoothing=1.0)] , 6
2022-08-09 12:40:31,270:	 INFO:	:Evaluation all trained model on training and testing dataset both
2022-08-09 12:41:05,489:	 INFO:	:Metric info: MetricInfoArtifact()
2022-08-09 12:41:05,492:	 INFO:	:>>>>>>>>>>>>>>>>>>>>>>>>>>>>>>>>>>>>>>>>>>>>>>>>>>>>>>>>>>>>Training model for cluster 2.0>>>>>>>>>>>>>>>>>>>>>>>>>>>>>>>>>>>>>>>>>>>>>>>>>>>>>>>>>>>>
2022-08-09 12:41:05,493:	 INFO:	:Extracting model config file path
2022-08-09 12:41:05,493:	 INFO:	:Initializing model factory class using above model config file: config/model.yaml
2022-08-09 12:41:05,498:	 INFO:	:Expected accuracy: 0.3
2022-08-09 12:41:05,498:	 INFO:	:Initiating operation model selection
2022-08-09 12:45:17,892:	 INFO:	:Best model found on training dataset: GridSearchedBestModel(model_serial_number='model_4', model=<catboost.core.CatBoostClassifier object at 0x7fe81f54b518>, best_model=<catboost.core.CatBoostClassifier object at 0x7fe81e595ef0>, best_parameters={'eval_metric': 'AUC', 'learning_rate': 0.1, 'max_depth': 9, 'n_estimators': 700, 'random_state': 1965}, best_score=0.9101926450699)
2022-08-09 12:45:17,892:	 INFO:	:Extracting trained model list.
2022-08-09 12:45:17,908:	 INFO:	:Model list: [RandomForestClassifier(max_depth=8, n_estimators=600, random_state=1965), XGBClassifier(base_score=0.5, booster='gbtree', callbacks=None,
              colsample_bylevel=1, colsample_bynode=1, colsample_bytree=1,
              early_stopping_rounds=None, enable_categorical=False,
              eval_metric='auc', gamma=0.1, gpu_id=-1, grow_policy='depthwise',
              importance_type=None, interaction_constraints='',
              learning_rate=0.1, max_bin=256, max_cat_to_onehot=4,
              max_delta_step=0, max_depth=7, max_leaves=0, min_child_weight=1,
              missing=nan, monotone_constraints='()', n_estimators=500,
              n_jobs=0, num_parallel_tree=1, predictor='auto',
              random_state=1965, reg_alpha=0, reg_lambda=1, ...), LogisticRegression(random_state=1965, solver='saga'), <catboost.core.CatBoostClassifier object at 0x7fe81e595ef0>, SVC(C=0.4, gamma=1.0, probability=True, random_state=1965), GaussianNB(var_smoothing=1.0)] , 6
2022-08-09 12:45:17,908:	 INFO:	:Evaluation all trained model on training and testing dataset both
2022-08-09 12:45:41,864:	 INFO:	:Metric info: MetricInfoArtifact()
2022-08-09 12:45:41,866:	 INFO:	:Best found model on both training and testing dataset.
2022-08-09 12:46:05,898:	 INFO:	:Saving model at path: /home/pk/Desktop/MachineLearning/project/Credit_card_default/CCdefault/app_artifact/stage03_model_training/trained_model/20220809121752/model.pkl
2022-08-09 12:46:05,924:	 ERROR:	:'NoneType' object has no attribute 'test_f1'
2022-08-09 12:46:05,930:	 INFO:	:>>>>>>>>>>>>>>>>>>>>>>>>>>>>>>>>>>>>>>>>>>>>>>>>>>>>>>>>>>>>Model trainer log completed.<<<<<<<<<<<<<<<<<<<<<<<<<<<<<<<<<<<<<<<<<<<<<<<<<<<<<<<<<<<< 
2022-08-09 13:16:39,994:	 INFO:	:>>>>>>>>>>>>>>>>>>>>>>>>>>>>>>>>>>>>>>>>>>>>>>>>>>>>>>>>>>>>Model trainer log started.<<<<<<<<<<<<<<<<<<<<<<<<<<<<<<<<<<<<<<<<<<<<<<<<<<<<<<<<<<<< 
2022-08-09 13:16:39,994:	 INFO:	:Loading transformed training dataset
2022-08-09 13:16:39,997:	 INFO:	:>>>>>>>>>>>>>>>>>>>>>>>>>>>>>>>>>>>>>>>>>>>>>>>>>>>>>>>>>>>>Base Model.<<<<<<<<<<<<<<<<<<<<<<<<<<<<<<<<<<<<<<<<<<<<<<<<<<<<<<<<<<<< 
2022-08-09 13:16:39,997:	 INFO:	:Expected accuracy: 0.3
2022-08-09 13:16:39,997:	 INFO:	:Extracting model config file path
2022-08-09 13:24:20,907:	 INFO:	:{'experiment_id': None, 'model_name': 'XGBClassifier', 'model_object': XGBClassifier(base_score=0.5, booster='gbtree', callbacks=None,
              colsample_bylevel=1, colsample_bynode=1, colsample_bytree=1,
              early_stopping_rounds=None, enable_categorical=False,
              eval_metric='auc', gamma=0.1, gpu_id=-1, grow_policy='depthwise',
              importance_type=None, interaction_constraints='',
              learning_rate=0.01, max_bin=256, max_cat_to_onehot=4,
              max_delta_step=0, max_depth=5, max_leaves=0, min_child_weight=1,
              missing=nan, monotone_constraints='()', n_estimators=500,
              n_jobs=0, num_parallel_tree=1, predictor='auto',
              random_state=1965, reg_alpha=0, reg_lambda=1, ...), 'train_precision': 0.7304023226876815, 'test_precision': 0.6207455429497569, 'train_recall': 0.41367159971811135, 'test_recall': 0.36406844106463876, 'train_f1': 0.5281943611277745, 'test_f1': 0.4589574595566207, 'train_accuracy': 0.8361458333333334, 'test_accuracy': 0.811875, 'accuracy_diff': 0.024270833333333353, 'model_accuracy': 0.8240104166666666, 'model_index': 1}
2022-08-09 13:24:20,914:	 INFO:	:>>>>>>>>>>>>>>>>>>>>>>>>>>>>>>>>>>>>>>>>>>>>>>>>>>>>>>>>>>>>Base model done<<<<<<<<<<<<<<<<<<<<<<<<<<<<<<<<<<<<<<<<<<<<<<<<<<<<<<<<<<<< 
2022-08-09 13:24:20,914:	 INFO:	:>>>>>>>>>>>>>>>>>>>>>>>>>>>>>>>>>>>>>>>>>>>>>>>>>>>>>>>>>>>>Training model for cluster 0.0>>>>>>>>>>>>>>>>>>>>>>>>>>>>>>>>>>>>>>>>>>>>>>>>>>>>>>>>>>>>
2022-08-09 13:24:20,916:	 INFO:	:Extracting model config file path
2022-08-09 13:24:20,916:	 INFO:	:Initializing model factory class using above model config file: config/model.yaml
2022-08-09 13:24:20,922:	 INFO:	:Expected accuracy: 0.3
2022-08-09 13:24:20,922:	 INFO:	:Initiating operation model selection
2022-08-09 13:27:58,880:	 INFO:	:Best model found on training dataset: GridSearchedBestModel(model_serial_number='model_4', model=<catboost.core.CatBoostClassifier object at 0x7f03c47b4a90>, best_model=<catboost.core.CatBoostClassifier object at 0x7f03c435cbe0>, best_parameters={'eval_metric': 'AUC', 'learning_rate': 0.01, 'max_depth': 5, 'n_estimators': 700, 'random_state': 1965}, best_score=0.7904000677427925)
2022-08-09 13:27:58,880:	 INFO:	:Extracting trained model list.
2022-08-09 13:27:58,892:	 INFO:	:Model list: [RandomForestClassifier(criterion='entropy', max_depth=8, n_estimators=500,
                       random_state=1965), XGBClassifier(base_score=0.5, booster='gbtree', callbacks=None,
              colsample_bylevel=1, colsample_bynode=1, colsample_bytree=1,
              early_stopping_rounds=None, enable_categorical=False,
              eval_metric='auc', gamma=0.0, gpu_id=-1, grow_policy='depthwise',
              importance_type=None, interaction_constraints='',
              learning_rate=0.01, max_bin=256, max_cat_to_onehot=4,
              max_delta_step=0, max_depth=3, max_leaves=0, min_child_weight=1,
              missing=nan, monotone_constraints='()', n_estimators=500,
              n_jobs=0, num_parallel_tree=1, predictor='auto',
              random_state=1965, reg_alpha=0, reg_lambda=1, ...), LogisticRegression(C=0.9, random_state=1965, solver='liblinear'), <catboost.core.CatBoostClassifier object at 0x7f03c435cbe0>, SVC(C=0.1, gamma=1.0, probability=True, random_state=1965), GaussianNB(var_smoothing=1.0)] , 6
2022-08-09 13:27:58,893:	 INFO:	:Evaluation all trained model on training and testing dataset both
2022-08-09 13:28:21,728:	 INFO:	:Metric info: MetricInfoArtifact()
2022-08-09 13:28:21,798:	 INFO:	:>>>>>>>>>>>>>>>>>>>>>>>>>>>>>>>>>>>>>>>>>>>>>>>>>>>>>>>>>>>>Training model for cluster 1.0>>>>>>>>>>>>>>>>>>>>>>>>>>>>>>>>>>>>>>>>>>>>>>>>>>>>>>>>>>>>
2022-08-09 13:28:21,799:	 INFO:	:Extracting model config file path
2022-08-09 13:28:21,799:	 INFO:	:Initializing model factory class using above model config file: config/model.yaml
2022-08-09 13:28:21,804:	 INFO:	:Expected accuracy: 0.3
2022-08-09 13:28:21,804:	 INFO:	:Initiating operation model selection
2022-08-09 13:30:08,216:	 INFO:	:Best model found on training dataset: GridSearchedBestModel(model_serial_number='model_1', model=RandomForestClassifier(), best_model=RandomForestClassifier(criterion='entropy', max_depth=8, n_estimators=500,
                       random_state=1965), best_parameters={'criterion': 'entropy', 'max_depth': 8, 'max_features': 'auto', 'n_estimators': 500, 'random_state': 1965}, best_score=0.7783502147057851)
2022-08-09 13:30:08,216:	 INFO:	:Extracting trained model list.
2022-08-09 13:30:08,222:	 INFO:	:Model list: [RandomForestClassifier(criterion='entropy', max_depth=8, n_estimators=500,
                       random_state=1965), XGBClassifier(base_score=0.5, booster='gbtree', callbacks=None,
              colsample_bylevel=1, colsample_bynode=1, colsample_bytree=1,
              early_stopping_rounds=None, enable_categorical=False,
              eval_metric='auc', gamma=0.1, gpu_id=-1, grow_policy='depthwise',
              importance_type=None, interaction_constraints='',
              learning_rate=0.01, max_bin=256, max_cat_to_onehot=4,
              max_delta_step=0, max_depth=5, max_leaves=0, min_child_weight=1,
              missing=nan, monotone_constraints='()', n_estimators=700,
              n_jobs=0, num_parallel_tree=1, predictor='auto',
              random_state=1965, reg_alpha=0, reg_lambda=1, ...), LogisticRegression(C=0.9, random_state=1965), <catboost.core.CatBoostClassifier object at 0x7f03c30fa128>, SVC(C=0.1, gamma=1.0, probability=True, random_state=1965), GaussianNB(var_smoothing=1.0)] , 6
2022-08-09 13:30:08,223:	 INFO:	:Evaluation all trained model on training and testing dataset both
2022-08-09 13:30:14,776:	 INFO:	:Metric info: MetricInfoArtifact()
2022-08-09 13:30:14,784:	 INFO:	:>>>>>>>>>>>>>>>>>>>>>>>>>>>>>>>>>>>>>>>>>>>>>>>>>>>>>>>>>>>>Training model for cluster 2.0>>>>>>>>>>>>>>>>>>>>>>>>>>>>>>>>>>>>>>>>>>>>>>>>>>>>>>>>>>>>
2022-08-09 13:30:14,785:	 INFO:	:Extracting model config file path
2022-08-09 13:30:14,785:	 INFO:	:Initializing model factory class using above model config file: config/model.yaml
2022-08-09 13:30:14,790:	 INFO:	:Expected accuracy: 0.3
2022-08-09 13:30:14,790:	 INFO:	:Initiating operation model selection
2022-08-09 13:33:01,278:	 INFO:	:Best model found on training dataset: GridSearchedBestModel(model_serial_number='model_4', model=<catboost.core.CatBoostClassifier object at 0x7f03c31aa748>, best_model=<catboost.core.CatBoostClassifier object at 0x7f03c428a7f0>, best_parameters={'eval_metric': 'AUC', 'learning_rate': 0.01, 'max_depth': 5, 'n_estimators': 700, 'random_state': 1965}, best_score=0.6531121951694239)
2022-08-09 13:33:01,278:	 INFO:	:Extracting trained model list.
2022-08-09 13:33:01,293:	 INFO:	:Model list: [RandomForestClassifier(criterion='entropy', max_depth=6, n_estimators=600,
                       random_state=1965), XGBClassifier(base_score=0.5, booster='gbtree', callbacks=None,
              colsample_bylevel=1, colsample_bynode=1, colsample_bytree=1,
              early_stopping_rounds=None, enable_categorical=False,
              eval_metric='auc', gamma=0.0, gpu_id=-1, grow_policy='depthwise',
              importance_type=None, interaction_constraints='',
              learning_rate=0.01, max_bin=256, max_cat_to_onehot=4,
              max_delta_step=0, max_depth=3, max_leaves=0, min_child_weight=1,
              missing=nan, monotone_constraints='()', n_estimators=700,
              n_jobs=0, num_parallel_tree=1, predictor='auto',
              random_state=1965, reg_alpha=0, reg_lambda=1, ...), LogisticRegression(C=0.9, random_state=1965), <catboost.core.CatBoostClassifier object at 0x7f03c428a7f0>, SVC(C=0.1, gamma=1.0, kernel='sigmoid', probability=True, random_state=1965), GaussianNB(var_smoothing=1.0)] , 6
2022-08-09 13:33:01,293:	 INFO:	:Evaluation all trained model on training and testing dataset both
2022-08-09 13:33:13,673:	 INFO:	:Metric info: MetricInfoArtifact()
2022-08-09 13:33:13,674:	 INFO:	:Best found model on both training and testing dataset.
2022-08-09 13:37:52,045:	 INFO:	:Saving model at path: /home/pk/Desktop/MachineLearning/project/Credit_card_default/CCdefault/app_artifact/stage03_model_training/trained_model/20220809131614/model.pkl
2022-08-09 13:37:52,138:	 INFO:	:Model Trainer Artifact: ModelTrainerArtifact(is_trained=True, message='Model Trained successfully', trained_model_file_path='/home/pk/Desktop/MachineLearning/project/Credit_card_default/CCdefault/app_artifact/stage03_model_training/trained_model/20220809131614/model.pkl', train_f1=0.44593945218644887, test_f1=0.44593945218644887, train_precision=0.7568822553897181, test_precision=0.6153846153846154, model_accuracy=0.8255833333333333)
2022-08-09 13:37:52,141:	 INFO:	:>>>>>>>>>>>>>>>>>>>>>>>>>>>>>>>>>>>>>>>>>>>>>>>>>>>>>>>>>>>>Model trainer log completed.<<<<<<<<<<<<<<<<<<<<<<<<<<<<<<<<<<<<<<<<<<<<<<<<<<<<<<<<<<<< 
2022-08-09 14:01:47,441:	 INFO:	:>>>>>>>>>>>>>>>>>>>>>>>>>>>>>>>>>>>>>>>>>>>>>>>>>>>>>>>>>>>>Model trainer log started.<<<<<<<<<<<<<<<<<<<<<<<<<<<<<<<<<<<<<<<<<<<<<<<<<<<<<<<<<<<< 
2022-08-09 14:01:47,441:	 INFO:	:Loading transformed training dataset
2022-08-09 14:01:47,445:	 INFO:	:>>>>>>>>>>>>>>>>>>>>>>>>>>>>>>>>>>>>>>>>>>>>>>>>>>>>>>>>>>>>Base Model.<<<<<<<<<<<<<<<<<<<<<<<<<<<<<<<<<<<<<<<<<<<<<<<<<<<<<<<<<<<< 
2022-08-09 14:01:47,445:	 INFO:	:Expected accuracy: 0.3
2022-08-09 14:01:47,445:	 INFO:	:Extracting model config file path
2022-08-09 14:09:04,952:	 INFO:	:{'experiment_id': None, 'model_name': 'RandomForestClassifier', 'model_object': RandomForestClassifier(criterion='entropy', max_depth=8, n_estimators=600,
                       random_state=1965), 'train_precision': 0.7540304007369876, 'test_precision': 0.671875, 'train_recall': 0.38454310547333803, 'test_recall': 0.3678707224334601, 'train_f1': 0.5093341630367143, 'test_f1': 0.47542997542997545, 'train_accuracy': 0.8357291666666666, 'test_accuracy': 0.8220833333333334, 'accuracy_diff': 0.013645833333333246, 'model_accuracy': 0.82890625, 'model_index': 0}
2022-08-09 14:09:05,038:	 INFO:	:>>>>>>>>>>>>>>>>>>>>>>>>>>>>>>>>>>>>>>>>>>>>>>>>>>>>>>>>>>>>Base model done<<<<<<<<<<<<<<<<<<<<<<<<<<<<<<<<<<<<<<<<<<<<<<<<<<<<<<<<<<<< 
2022-08-09 14:09:05,039:	 INFO:	:>>>>>>>>>>>>>>>>>>>>>>>>>>>>>>>>>>>>>>>>>>>>>>>>>>>>>>>>>>>>Training model for cluster 0.0>>>>>>>>>>>>>>>>>>>>>>>>>>>>>>>>>>>>>>>>>>>>>>>>>>>>>>>>>>>>
2022-08-09 14:09:05,040:	 INFO:	:Extracting model config file path
2022-08-09 14:09:05,040:	 INFO:	:Initializing model factory class using above model config file: config/model.yaml
2022-08-09 14:09:05,045:	 INFO:	:Expected accuracy: 0.3
2022-08-09 14:09:05,045:	 INFO:	:Initiating operation model selection
2022-08-09 14:10:43,110:	 INFO:	:Best model found on training dataset: GridSearchedBestModel(model_serial_number='model_4', model=<catboost.core.CatBoostClassifier object at 0x7f0d9caba7b8>, best_model=<catboost.core.CatBoostClassifier object at 0x7f0d9caf68d0>, best_parameters={'eval_metric': 'AUC', 'learning_rate': 0.01, 'max_depth': 3, 'n_estimators': 500, 'random_state': 1965}, best_score=0.7968292462993636)
2022-08-09 14:10:43,110:	 INFO:	:Extracting trained model list.
2022-08-09 14:10:43,115:	 INFO:	:Model list: [RandomForestClassifier(max_depth=6, n_estimators=500, random_state=1965), XGBClassifier(base_score=0.5, booster='gblinear', callbacks=None,
              colsample_bylevel=None, colsample_bynode=None,
              colsample_bytree=None, early_stopping_rounds=None,
              enable_categorical=False, eval_metric='auc', gamma=0.0, gpu_id=-1,
              grow_policy=None, importance_type=None,
              interaction_constraints=None, learning_rate=0.1, max_bin=None,
              max_cat_to_onehot=None, max_delta_step=None, max_depth=3,
              max_leaves=None, min_child_weight=None, missing=nan,
              monotone_constraints=None, n_estimators=500, n_jobs=0,
              num_parallel_tree=None, predictor=None, random_state=1965,
              reg_alpha=0, reg_lambda=0, ...), LogisticRegression(C=0.9, random_state=1965), <catboost.core.CatBoostClassifier object at 0x7f0d9caf68d0>, SVC(C=0.4, gamma=1.0, probability=True, random_state=1965), GaussianNB(var_smoothing=1.0)] , 6
2022-08-09 14:10:43,116:	 INFO:	:Evaluation all trained model on training and testing dataset both
2022-08-09 14:10:49,242:	 INFO:	:Metric info: MetricInfoArtifact()
2022-08-09 14:10:49,316:	 INFO:	:>>>>>>>>>>>>>>>>>>>>>>>>>>>>>>>>>>>>>>>>>>>>>>>>>>>>>>>>>>>>Training model for cluster 1.0>>>>>>>>>>>>>>>>>>>>>>>>>>>>>>>>>>>>>>>>>>>>>>>>>>>>>>>>>>>>
2022-08-09 14:10:49,317:	 INFO:	:Extracting model config file path
2022-08-09 14:10:49,317:	 INFO:	:Initializing model factory class using above model config file: config/model.yaml
2022-08-09 14:10:49,322:	 INFO:	:Expected accuracy: 0.3
2022-08-09 14:10:49,322:	 INFO:	:Initiating operation model selection
2022-08-09 14:14:17,697:	 INFO:	:Best model found on training dataset: GridSearchedBestModel(model_serial_number='model_4', model=<catboost.core.CatBoostClassifier object at 0x7f0da39a4160>, best_model=<catboost.core.CatBoostClassifier object at 0x7f0d7b481b38>, best_parameters={'eval_metric': 'AUC', 'learning_rate': 0.01, 'max_depth': 7, 'n_estimators': 500, 'random_state': 1965}, best_score=0.8092477850205746)
2022-08-09 14:14:17,697:	 INFO:	:Extracting trained model list.
2022-08-09 14:14:17,710:	 INFO:	:Model list: [RandomForestClassifier(criterion='entropy', max_depth=8, n_estimators=600,
                       random_state=1965), XGBClassifier(base_score=0.5, booster='gbtree', callbacks=None,
              colsample_bylevel=1, colsample_bynode=1, colsample_bytree=1,
              early_stopping_rounds=None, enable_categorical=False,
              eval_metric='auc', gamma=0.0, gpu_id=-1, grow_policy='depthwise',
              importance_type=None, interaction_constraints='',
              learning_rate=0.01, max_bin=256, max_cat_to_onehot=4,
              max_delta_step=0, max_depth=3, max_leaves=0, min_child_weight=1,
              missing=nan, monotone_constraints='()', n_estimators=500,
              n_jobs=0, num_parallel_tree=1, predictor='auto',
              random_state=1965, reg_alpha=0, reg_lambda=1, ...), LogisticRegression(C=0.9, random_state=1965), <catboost.core.CatBoostClassifier object at 0x7f0d7b481b38>, SVC(C=0.1, gamma=1.0, probability=True, random_state=1965), GaussianNB(var_smoothing=1.0)] , 6
2022-08-09 14:14:17,711:	 INFO:	:Evaluation all trained model on training and testing dataset both
2022-08-09 14:14:38,887:	 INFO:	:Metric info: MetricInfoArtifact()
2022-08-09 14:14:38,980:	 INFO:	:>>>>>>>>>>>>>>>>>>>>>>>>>>>>>>>>>>>>>>>>>>>>>>>>>>>>>>>>>>>>Training model for cluster 2.0>>>>>>>>>>>>>>>>>>>>>>>>>>>>>>>>>>>>>>>>>>>>>>>>>>>>>>>>>>>>
2022-08-09 14:14:38,981:	 INFO:	:Extracting model config file path
2022-08-09 14:14:38,981:	 INFO:	:Initializing model factory class using above model config file: config/model.yaml
2022-08-09 14:14:38,986:	 INFO:	:Expected accuracy: 0.3
2022-08-09 14:14:38,986:	 INFO:	:Initiating operation model selection
2022-08-09 14:17:06,955:	 INFO:	:Best model found on training dataset: GridSearchedBestModel(model_serial_number='model_4', model=<catboost.core.CatBoostClassifier object at 0x7f0d7b49b080>, best_model=<catboost.core.CatBoostClassifier object at 0x7f0d7a5f6a90>, best_parameters={'eval_metric': 'AUC', 'learning_rate': 0.01, 'max_depth': 5, 'n_estimators': 500, 'random_state': 1965}, best_score=0.6826000834028356)
2022-08-09 14:17:06,955:	 INFO:	:Extracting trained model list.
2022-08-09 14:17:06,969:	 INFO:	:Model list: [RandomForestClassifier(criterion='entropy', max_depth=7, n_estimators=500,
                       random_state=1965), XGBClassifier(base_score=0.5, booster='gbtree', callbacks=None,
              colsample_bylevel=1, colsample_bynode=1, colsample_bytree=1,
              early_stopping_rounds=None, enable_categorical=False,
              eval_metric='auc', gamma=0.1, gpu_id=-1, grow_policy='depthwise',
              importance_type=None, interaction_constraints='',
              learning_rate=0.01, max_bin=256, max_cat_to_onehot=4,
              max_delta_step=0, max_depth=3, max_leaves=0, min_child_weight=1,
              missing=nan, monotone_constraints='()', n_estimators=500,
              n_jobs=0, num_parallel_tree=1, predictor='auto',
              random_state=1965, reg_alpha=0, reg_lambda=1, ...), LogisticRegression(random_state=1965, solver='saga'), <catboost.core.CatBoostClassifier object at 0x7f0d7a5f6a90>, SVC(C=0.1, gamma=1.0, kernel='sigmoid', probability=True, random_state=1965), GaussianNB(var_smoothing=1.0)] , 6
2022-08-09 14:17:06,969:	 INFO:	:Evaluation all trained model on training and testing dataset both
2022-08-09 14:17:19,056:	 INFO:	:Metric info: MetricInfoArtifact()
2022-08-09 14:17:19,066:	 INFO:	:Best found model on both training and testing dataset.
2022-08-09 14:24:18,107:	 INFO:	:Saving model at path: /home/pk/Desktop/MachineLearning/project/Credit_card_default/CCdefault/app_artifact/stage03_model_training/trained_model/20220809140111/model.pkl
2022-08-09 14:24:18,304:	 INFO:	:Model Trainer Artifact: ModelTrainerArtifact(is_trained=True, message='Model Trained successfully', trained_model_file_path='/home/pk/Desktop/MachineLearning/project/Credit_card_default/CCdefault/app_artifact/stage03_model_training/trained_model/20220809140111/model.pkl', train_f1=0.449975111996018, test_f1=0.449975111996018, train_precision=0.7672910662824207, test_precision=0.6627565982404692, model_accuracy=0.8282291666666666)
2022-08-09 14:24:18,307:	 INFO:	:>>>>>>>>>>>>>>>>>>>>>>>>>>>>>>>>>>>>>>>>>>>>>>>>>>>>>>>>>>>>Model trainer log completed.<<<<<<<<<<<<<<<<<<<<<<<<<<<<<<<<<<<<<<<<<<<<<<<<<<<<<<<<<<<< 
2022-08-09 18:25:40,563:	 INFO:	:>>>>>>>>>>>>>>>>>>>>>>>>>>>>>>>>>>>>>>>>>>>>>>>>>>>>>>>>>>>>Model trainer log started.<<<<<<<<<<<<<<<<<<<<<<<<<<<<<<<<<<<<<<<<<<<<<<<<<<<<<<<<<<<< 
2022-08-09 18:25:40,563:	 INFO:	:Loading transformed training dataset
2022-08-09 18:25:40,571:	 INFO:	:>>>>>>>>>>>>>>>>>>>>>>>>>>>>>>>>>>>>>>>>>>>>>>>>>>>>>>>>>>>>Base Model.<<<<<<<<<<<<<<<<<<<<<<<<<<<<<<<<<<<<<<<<<<<<<<<<<<<<<<<<<<<< 
2022-08-09 18:25:40,571:	 INFO:	:Expected accuracy: 0.3
2022-08-09 18:25:40,571:	 INFO:	:Extracting model config file path
2022-08-09 18:36:50,675:	 INFO:	:{'experiment_id': None, 'model_name': 'CatBoostClassifier', 'model_object': <catboost.core.CatBoostClassifier object at 0x7f53a81559e8>, 'train_precision': 0.7607334525939177, 'test_precision': 0.662608695652174, 'train_recall': 0.39957716701902746, 'test_recall': 0.36216730038022815, 'train_f1': 0.5239488680117048, 'test_f1': 0.46834665027658273, 'train_accuracy': 0.8390104166666666, 'test_accuracy': 0.8197916666666667, 'accuracy_diff': 0.01921874999999995, 'model_accuracy': 0.8294010416666666, 'model_index': 3}
2022-08-09 18:36:50,683:	 INFO:	:>>>>>>>>>>>>>>>>>>>>>>>>>>>>>>>>>>>>>>>>>>>>>>>>>>>>>>>>>>>>Base model done<<<<<<<<<<<<<<<<<<<<<<<<<<<<<<<<<<<<<<<<<<<<<<<<<<<<<<<<<<<< 
2022-08-09 18:36:50,683:	 INFO:	:>>>>>>>>>>>>>>>>>>>>>>>>>>>>>>>>>>>>>>>>>>>>>>>>>>>>>>>>>>>>Training model for cluster 0.0>>>>>>>>>>>>>>>>>>>>>>>>>>>>>>>>>>>>>>>>>>>>>>>>>>>>>>>>>>>>
2022-08-09 18:36:50,685:	 INFO:	:Extracting model config file path
2022-08-09 18:36:50,685:	 INFO:	:Initializing model factory class using above model config file: config/model.yaml
2022-08-09 18:36:50,689:	 INFO:	:Expected accuracy: 0.3
2022-08-09 18:36:50,689:	 INFO:	:Initiating operation model selection
2022-08-09 18:38:07,221:	 INFO:	:Best model found on training dataset: GridSearchedBestModel(model_serial_number='model_4', model=<catboost.core.CatBoostClassifier object at 0x7f53a89d72b0>, best_model=<catboost.core.CatBoostClassifier object at 0x7f53a86ff8d0>, best_parameters={'eval_metric': 'AUC', 'learning_rate': 0.01, 'max_depth': 5, 'n_estimators': 700, 'random_state': 1965}, best_score=0.7941905507142129)
2022-08-09 18:38:07,221:	 INFO:	:Extracting trained model list.
2022-08-09 18:38:07,233:	 INFO:	:Model list: [RandomForestClassifier(criterion='entropy', max_depth=8, max_features='log2',
                       n_estimators=500, random_state=1965), XGBClassifier(base_score=0.5, booster='gbtree', callbacks=None,
              colsample_bylevel=1, colsample_bynode=1, colsample_bytree=1,
              early_stopping_rounds=None, enable_categorical=False,
              eval_metric='auc', gamma=0.1, gpu_id=-1, grow_policy='depthwise',
              importance_type=None, interaction_constraints='',
              learning_rate=0.01, max_bin=256, max_cat_to_onehot=4,
              max_delta_step=0, max_depth=3, max_leaves=0, min_child_weight=1,
              missing=nan, monotone_constraints='()', n_estimators=700,
              n_jobs=0, num_parallel_tree=1, predictor='auto',
              random_state=1965, reg_alpha=0, reg_lambda=1, ...), LogisticRegression(C=0.9, random_state=1965, solver='liblinear'), <catboost.core.CatBoostClassifier object at 0x7f53a86ff8d0>, SVC(C=0.1, gamma=1.0, probability=True, random_state=1965), GaussianNB(var_smoothing=1.0)] , 6
2022-08-09 18:38:07,233:	 INFO:	:Evaluation all trained model on training and testing dataset both
2022-08-09 18:38:13,739:	 INFO:	:Metric info: MetricInfoArtifact()
2022-08-09 18:38:13,741:	 INFO:	:>>>>>>>>>>>>>>>>>>>>>>>>>>>>>>>>>>>>>>>>>>>>>>>>>>>>>>>>>>>>Training model for cluster 1.0>>>>>>>>>>>>>>>>>>>>>>>>>>>>>>>>>>>>>>>>>>>>>>>>>>>>>>>>>>>>
2022-08-09 18:38:13,745:	 INFO:	:Extracting model config file path
2022-08-09 18:38:13,745:	 INFO:	:Initializing model factory class using above model config file: config/model.yaml
2022-08-09 18:38:13,750:	 INFO:	:Expected accuracy: 0.3
2022-08-09 18:38:13,750:	 INFO:	:Initiating operation model selection
2022-08-09 18:40:54,856:	 INFO:	:Best model found on training dataset: GridSearchedBestModel(model_serial_number='model_4', model=<catboost.core.CatBoostClassifier object at 0x7f53a876e320>, best_model=<catboost.core.CatBoostClassifier object at 0x7f53a7f39e80>, best_parameters={'eval_metric': 'AUC', 'learning_rate': 0.01, 'max_depth': 5, 'n_estimators': 500, 'random_state': 1965}, best_score=0.7507844189139388)
2022-08-09 18:40:54,856:	 INFO:	:Extracting trained model list.
2022-08-09 18:40:54,879:	 INFO:	:Model list: [RandomForestClassifier(criterion='entropy', max_depth=7, n_estimators=600,
                       random_state=1965), XGBClassifier(base_score=0.5, booster='gbtree', callbacks=None,
              colsample_bylevel=1, colsample_bynode=1, colsample_bytree=1,
              early_stopping_rounds=None, enable_categorical=False,
              eval_metric='auc', gamma=0.0, gpu_id=-1, grow_policy='depthwise',
              importance_type=None, interaction_constraints='',
              learning_rate=0.01, max_bin=256, max_cat_to_onehot=4,
              max_delta_step=0, max_depth=3, max_leaves=0, min_child_weight=1,
              missing=nan, monotone_constraints='()', n_estimators=500,
              n_jobs=0, num_parallel_tree=1, predictor='auto',
              random_state=1965, reg_alpha=0, reg_lambda=1, ...), LogisticRegression(C=0.9, random_state=1965, solver='newton-cg'), <catboost.core.CatBoostClassifier object at 0x7f53a7f39e80>, SVC(C=0.1, gamma=1.0, probability=True, random_state=1965), GaussianNB(var_smoothing=1.0)] , 6
2022-08-09 18:40:54,880:	 INFO:	:Evaluation all trained model on training and testing dataset both
2022-08-09 18:41:11,132:	 INFO:	:Metric info: MetricInfoArtifact()
2022-08-09 18:41:11,134:	 INFO:	:>>>>>>>>>>>>>>>>>>>>>>>>>>>>>>>>>>>>>>>>>>>>>>>>>>>>>>>>>>>>Training model for cluster 2.0>>>>>>>>>>>>>>>>>>>>>>>>>>>>>>>>>>>>>>>>>>>>>>>>>>>>>>>>>>>>
2022-08-09 18:41:11,135:	 INFO:	:Extracting model config file path
2022-08-09 18:41:11,135:	 INFO:	:Initializing model factory class using above model config file: config/model.yaml
2022-08-09 18:41:11,140:	 INFO:	:Expected accuracy: 0.3
2022-08-09 18:41:11,140:	 INFO:	:Initiating operation model selection
2022-08-09 18:42:08,249:	 INFO:	:Best model found on training dataset: GridSearchedBestModel(model_serial_number='model_4', model=<catboost.core.CatBoostClassifier object at 0x7f53a7f5c8d0>, best_model=<catboost.core.CatBoostClassifier object at 0x7f53a75dc860>, best_parameters={'eval_metric': 'AUC', 'learning_rate': 0.01, 'max_depth': 5, 'n_estimators': 500, 'random_state': 1965}, best_score=0.6915882097736556)
2022-08-09 18:42:08,249:	 INFO:	:Extracting trained model list.
2022-08-09 18:42:08,263:	 INFO:	:Model list: [RandomForestClassifier(criterion='entropy', max_depth=6, max_features='log2',
                       n_estimators=600, random_state=1965), XGBClassifier(base_score=0.5, booster='gbtree', callbacks=None,
              colsample_bylevel=1, colsample_bynode=1, colsample_bytree=1,
              early_stopping_rounds=None, enable_categorical=False,
              eval_metric='auc', gamma=0.0, gpu_id=-1, grow_policy='depthwise',
              importance_type=None, interaction_constraints='',
              learning_rate=0.01, max_bin=256, max_cat_to_onehot=4,
              max_delta_step=0, max_depth=3, max_leaves=0, min_child_weight=1,
              missing=nan, monotone_constraints='()', n_estimators=700,
              n_jobs=0, num_parallel_tree=1, predictor='auto',
              random_state=1965, reg_alpha=0, reg_lambda=1, ...), LogisticRegression(C=0.9, random_state=1965, solver='saga'), <catboost.core.CatBoostClassifier object at 0x7f53a75dc860>, SVC(C=0.4, gamma=1.0, probability=True, random_state=1965), GaussianNB(var_smoothing=1.0)] , 6
2022-08-09 18:42:08,264:	 INFO:	:Evaluation all trained model on training and testing dataset both
2022-08-09 18:42:15,037:	 INFO:	:Metric info: MetricInfoArtifact()
2022-08-09 18:42:15,039:	 INFO:	:>>>>>>>>>>>>>>>>>>>>>>>>>>>>>>>>>>>>>>>>>>>>>>>>>>>>>>>>>>>>Training model for cluster 3.0>>>>>>>>>>>>>>>>>>>>>>>>>>>>>>>>>>>>>>>>>>>>>>>>>>>>>>>>>>>>
2022-08-09 18:42:15,043:	 INFO:	:Extracting model config file path
2022-08-09 18:42:15,043:	 INFO:	:Initializing model factory class using above model config file: config/model.yaml
2022-08-09 18:42:15,048:	 INFO:	:Expected accuracy: 0.3
2022-08-09 18:42:15,048:	 INFO:	:Initiating operation model selection
2022-08-09 18:43:54,534:	 INFO:	:Best model found on training dataset: GridSearchedBestModel(model_serial_number='model_4', model=<catboost.core.CatBoostClassifier object at 0x7f53a7726080>, best_model=<catboost.core.CatBoostClassifier object at 0x7f53a5675ba8>, best_parameters={'eval_metric': 'AUC', 'learning_rate': 0.01, 'max_depth': 5, 'n_estimators': 500, 'random_state': 1965}, best_score=0.8101771688038402)
2022-08-09 18:43:54,534:	 INFO:	:Extracting trained model list.
2022-08-09 18:43:54,548:	 INFO:	:Model list: [RandomForestClassifier(criterion='entropy', max_depth=7, n_estimators=500,
                       random_state=1965), XGBClassifier(base_score=0.5, booster='gbtree', callbacks=None,
              colsample_bylevel=1, colsample_bynode=1, colsample_bytree=1,
              early_stopping_rounds=None, enable_categorical=False,
              eval_metric='auc', gamma=0.0, gpu_id=-1, grow_policy='depthwise',
              importance_type=None, interaction_constraints='',
              learning_rate=0.01, max_bin=256, max_cat_to_onehot=4,
              max_delta_step=0, max_depth=3, max_leaves=0, min_child_weight=1,
              missing=nan, monotone_constraints='()', n_estimators=500,
              n_jobs=0, num_parallel_tree=1, predictor='auto',
              random_state=1965, reg_alpha=0, reg_lambda=1, ...), LogisticRegression(random_state=1965), <catboost.core.CatBoostClassifier object at 0x7f53a5675ba8>, SVC(C=0.1, gamma=1.0, probability=True, random_state=1965), GaussianNB(var_smoothing=1.0)] , 6
2022-08-09 18:43:54,549:	 INFO:	:Evaluation all trained model on training and testing dataset both
2022-08-09 18:44:03,917:	 INFO:	:Metric info: MetricInfoArtifact()
2022-08-09 18:44:03,984:	 INFO:	:Best found model on both training and testing dataset.
2022-08-09 18:46:19,397:	 INFO:	:Saving model at path: /home/pk/Desktop/MachineLearning/project/Credit_card_default/CCdefault/app_artifact/stage03_model_training/trained_model/20220809182513/model.pkl
2022-08-09 18:46:19,491:	 INFO:	:Model Trainer Artifact: ModelTrainerArtifact(is_trained=True, message='Model Trained successfully', trained_model_file_path='/home/pk/Desktop/MachineLearning/project/Credit_card_default/CCdefault/app_artifact/stage03_model_training/trained_model/20220809182513/model.pkl', train_f1=0.4603252833908329, test_f1=0.4603252833908329, train_precision=0.7406616862326574, test_precision=0.6652421652421653, model_accuracy=0.8263333333333334)
2022-08-09 18:46:19,494:	 INFO:	:>>>>>>>>>>>>>>>>>>>>>>>>>>>>>>>>>>>>>>>>>>>>>>>>>>>>>>>>>>>>Model trainer log completed.<<<<<<<<<<<<<<<<<<<<<<<<<<<<<<<<<<<<<<<<<<<<<<<<<<<<<<<<<<<< 
