2022-08-09 11:42:51,388:	 INFO:	:get_the_last_experiment_file_name: /home/pk/Desktop/MachineLearning/project/Credit_card_default/CCdefault/app_artifact/stage00_data_ingestion/ingested_data/20220809114247/Train.csv
2022-08-09 11:42:51,389:	 INFO:	:dir_name: /home/pk/Desktop/MachineLearning/project/Credit_card_default/CCdefault/app_artifact/stage00_data_ingestion/ingested_data/
2022-08-09 11:42:51,390:	 INFO:	:get_the_last_experiment_file_name: /home/pk/Desktop/MachineLearning/project/Credit_card_default/CCdefault/app_artifact/stage00_data_ingestion/ingested_data/20220809114247/Test.csv
2022-08-09 11:42:51,390:	 INFO:	:dir_name: /home/pk/Desktop/MachineLearning/project/Credit_card_default/CCdefault/app_artifact/stage00_data_ingestion/ingested_data/
2022-08-09 11:42:51,390:	 INFO:	:get_the_last_experiment_file_name: /home/pk/Desktop/MachineLearning/project/Credit_card_default/CCdefault/app_artifact/stage00_data_ingestion/raw_data/20220809114247/UCI_Credit_Card.csv
2022-08-09 11:42:51,390:	 INFO:	:dir_name: /home/pk/Desktop/MachineLearning/project/Credit_card_default/CCdefault/app_artifact/stage00_data_ingestion/raw_data/
2022-08-09 11:42:51,701:	 INFO:	:/home/pk/Desktop/MachineLearning/project/Credit_card_default/CCdefault/app_artifact/stage00_data_ingestion/raw_data/20220809114247/UCI_Credit_Card.csv and /home/pk/Desktop/MachineLearning/project/Credit_card_default/CCdefault/app_artifact/stage00_data_ingestion/raw_data/20220809114247/UCI_Credit_Card.csv are same file
2022-08-09 11:42:51,727:	 INFO:	:Memory usage of dataframe is 5.72 MB
2022-08-09 11:42:51,736:	 INFO:	:Memory usage after optimization is: 1.86 MB
2022-08-09 11:42:51,736:	 INFO:	:Decreased by 67.5%
2022-08-09 11:43:10,323:	 INFO:	:get_the_last_experiment_file_name: /home/pk/Desktop/MachineLearning/project/Credit_card_default/CCdefault/app_artifact/stage01_data_validation/20220809114247/data_validated/Test.csv
2022-08-09 11:43:10,324:	 INFO:	:dir_name: /home/pk/Desktop/MachineLearning/project/Credit_card_default/CCdefault/app_artifact/stage01_data_validation/
2022-08-09 11:43:10,324:	 INFO:	:get_the_last_experiment_file_name: /home/pk/Desktop/MachineLearning/project/Credit_card_default/CCdefault/app_artifact/stage01_data_validation/20220809114247/data_validated/Train.csv
2022-08-09 11:43:10,325:	 INFO:	:dir_name: /home/pk/Desktop/MachineLearning/project/Credit_card_default/CCdefault/app_artifact/stage01_data_validation/
2022-08-09 11:43:16,459:	 INFO:	:get_the_last_experiment_file_name: /home/pk/Desktop/MachineLearning/project/Credit_card_default/CCdefault/app_artifact/stage00_data_ingestion/ingested_data/20220809114247/Train.csv
2022-08-09 11:43:16,459:	 INFO:	:dir_name: /home/pk/Desktop/MachineLearning/project/Credit_card_default/CCdefault/app_artifact/stage00_data_ingestion/ingested_data/
2022-08-09 11:43:35,941:	 INFO:	:Memory usage of dataframe is 4.39 MB
2022-08-09 11:43:35,951:	 INFO:	:Memory usage after optimization is: 1.44 MB
2022-08-09 11:43:35,951:	 INFO:	:Decreased by 67.2%
2022-08-09 11:43:35,958:	 INFO:	:Memory usage of dataframe is 1.10 MB
2022-08-09 11:43:35,966:	 INFO:	:Memory usage after optimization is: 0.36 MB
2022-08-09 11:43:35,966:	 INFO:	:Decreased by 67.2%
2022-08-09 12:10:12,994:	 INFO:	:Memory usage of dataframe is 4.58 MB
2022-08-09 12:10:13,003:	 INFO:	:Memory usage after optimization is: 1.49 MB
2022-08-09 12:10:13,003:	 INFO:	:Decreased by 67.5%
2022-08-09 12:10:13,004:	 INFO:	:Memory usage of dataframe is 1.14 MB
2022-08-09 12:10:13,010:	 INFO:	:Memory usage after optimization is: 0.37 MB
2022-08-09 12:10:13,010:	 INFO:	:Decreased by 67.5%
2022-08-09 12:10:36,799:	 INFO:	:Memory usage of dataframe is 4.39 MB
2022-08-09 12:10:36,808:	 INFO:	:Memory usage after optimization is: 1.44 MB
2022-08-09 12:10:36,808:	 INFO:	:Decreased by 67.2%
2022-08-09 12:10:36,809:	 INFO:	:Memory usage of dataframe is 1.10 MB
2022-08-09 12:10:36,814:	 INFO:	:Memory usage after optimization is: 0.36 MB
2022-08-09 12:10:36,814:	 INFO:	:Decreased by 67.2%
2022-08-09 12:17:56,061:	 INFO:	:get_the_last_experiment_file_name: /home/pk/Desktop/MachineLearning/project/Credit_card_default/CCdefault/app_artifact/stage00_data_ingestion/ingested_data/20220809121752/Train.csv
2022-08-09 12:17:56,063:	 INFO:	:dir_name: /home/pk/Desktop/MachineLearning/project/Credit_card_default/CCdefault/app_artifact/stage00_data_ingestion/ingested_data/
2022-08-09 12:17:56,063:	 INFO:	:get_the_last_experiment_file_name: /home/pk/Desktop/MachineLearning/project/Credit_card_default/CCdefault/app_artifact/stage00_data_ingestion/ingested_data/20220809121752/Test.csv
2022-08-09 12:17:56,063:	 INFO:	:dir_name: /home/pk/Desktop/MachineLearning/project/Credit_card_default/CCdefault/app_artifact/stage00_data_ingestion/ingested_data/
2022-08-09 12:17:56,064:	 INFO:	:get_the_last_experiment_file_name: /home/pk/Desktop/MachineLearning/project/Credit_card_default/CCdefault/app_artifact/stage00_data_ingestion/raw_data/20220809121752/UCI_Credit_Card.csv
2022-08-09 12:17:56,064:	 INFO:	:dir_name: /home/pk/Desktop/MachineLearning/project/Credit_card_default/CCdefault/app_artifact/stage00_data_ingestion/raw_data/
2022-08-09 12:17:56,367:	 INFO:	:get_the_last_experiment_file_name: /home/pk/Desktop/MachineLearning/project/Credit_card_default/CCdefault/app_artifact/stage01_data_validation/20220809121752/data_validated/Test.csv
2022-08-09 12:17:56,367:	 INFO:	:dir_name: /home/pk/Desktop/MachineLearning/project/Credit_card_default/CCdefault/app_artifact/stage01_data_validation/
2022-08-09 12:17:56,367:	 INFO:	:get_the_last_experiment_file_name: /home/pk/Desktop/MachineLearning/project/Credit_card_default/CCdefault/app_artifact/stage01_data_validation/20220809121752/data_validated/Train.csv
2022-08-09 12:17:56,367:	 INFO:	:dir_name: /home/pk/Desktop/MachineLearning/project/Credit_card_default/CCdefault/app_artifact/stage01_data_validation/
2022-08-09 12:17:56,742:	 INFO:	:Memory usage of dataframe is 4.39 MB
2022-08-09 12:17:56,751:	 INFO:	:Memory usage after optimization is: 1.44 MB
2022-08-09 12:17:56,751:	 INFO:	:Decreased by 67.2%
2022-08-09 12:17:56,758:	 INFO:	:Memory usage of dataframe is 1.10 MB
2022-08-09 12:17:56,765:	 INFO:	:Memory usage after optimization is: 0.36 MB
2022-08-09 12:17:56,765:	 INFO:	:Decreased by 67.2%
2022-08-09 12:45:41,907:	 INFO:	:Memory usage of dataframe is 4.58 MB
2022-08-09 12:45:41,919:	 INFO:	:Memory usage after optimization is: 1.49 MB
2022-08-09 12:45:41,919:	 INFO:	:Decreased by 67.5%
2022-08-09 12:45:41,919:	 INFO:	:Memory usage of dataframe is 1.14 MB
2022-08-09 12:45:41,925:	 INFO:	:Memory usage after optimization is: 0.37 MB
2022-08-09 12:45:41,925:	 INFO:	:Decreased by 67.5%
2022-08-09 13:16:18,844:	 INFO:	:get_the_last_experiment_file_name: /home/pk/Desktop/MachineLearning/project/Credit_card_default/CCdefault/app_artifact/stage00_data_ingestion/ingested_data/20220809131614/Train.csv
2022-08-09 13:16:18,845:	 INFO:	:dir_name: /home/pk/Desktop/MachineLearning/project/Credit_card_default/CCdefault/app_artifact/stage00_data_ingestion/ingested_data/
2022-08-09 13:16:18,846:	 INFO:	:get_the_last_experiment_file_name: /home/pk/Desktop/MachineLearning/project/Credit_card_default/CCdefault/app_artifact/stage00_data_ingestion/ingested_data/20220809131614/Test.csv
2022-08-09 13:16:18,846:	 INFO:	:dir_name: /home/pk/Desktop/MachineLearning/project/Credit_card_default/CCdefault/app_artifact/stage00_data_ingestion/ingested_data/
2022-08-09 13:16:18,846:	 INFO:	:get_the_last_experiment_file_name: /home/pk/Desktop/MachineLearning/project/Credit_card_default/CCdefault/app_artifact/stage00_data_ingestion/raw_data/20220809131614/UCI_Credit_Card.csv
2022-08-09 13:16:18,846:	 INFO:	:dir_name: /home/pk/Desktop/MachineLearning/project/Credit_card_default/CCdefault/app_artifact/stage00_data_ingestion/raw_data/
2022-08-09 13:16:19,173:	 INFO:	:get_the_last_experiment_file_name: /home/pk/Desktop/MachineLearning/project/Credit_card_default/CCdefault/app_artifact/stage01_data_validation/20220809131614/data_validated/Test.csv
2022-08-09 13:16:19,173:	 INFO:	:dir_name: /home/pk/Desktop/MachineLearning/project/Credit_card_default/CCdefault/app_artifact/stage01_data_validation/
2022-08-09 13:16:19,173:	 INFO:	:get_the_last_experiment_file_name: /home/pk/Desktop/MachineLearning/project/Credit_card_default/CCdefault/app_artifact/stage01_data_validation/20220809131614/data_validated/Train.csv
2022-08-09 13:16:19,173:	 INFO:	:dir_name: /home/pk/Desktop/MachineLearning/project/Credit_card_default/CCdefault/app_artifact/stage01_data_validation/
2022-08-09 13:16:19,540:	 INFO:	:Memory usage of dataframe is 4.39 MB
2022-08-09 13:16:19,550:	 INFO:	:Memory usage after optimization is: 1.44 MB
2022-08-09 13:16:19,550:	 INFO:	:Decreased by 67.2%
2022-08-09 13:16:19,557:	 INFO:	:Memory usage of dataframe is 1.10 MB
2022-08-09 13:16:19,564:	 INFO:	:Memory usage after optimization is: 0.36 MB
2022-08-09 13:16:19,564:	 INFO:	:Decreased by 67.2%
2022-08-09 13:33:13,739:	 INFO:	:Memory usage of dataframe is 4.58 MB
2022-08-09 13:33:13,747:	 INFO:	:Memory usage after optimization is: 1.49 MB
2022-08-09 13:33:13,747:	 INFO:	:Decreased by 67.5%
2022-08-09 13:33:13,748:	 INFO:	:Memory usage of dataframe is 1.14 MB
2022-08-09 13:33:13,754:	 INFO:	:Memory usage after optimization is: 0.37 MB
2022-08-09 13:33:13,754:	 INFO:	:Decreased by 67.5%
2022-08-09 13:37:52,307:	 INFO:	:Memory usage of dataframe is 4.39 MB
2022-08-09 13:37:52,316:	 INFO:	:Memory usage after optimization is: 1.44 MB
2022-08-09 13:37:52,316:	 INFO:	:Decreased by 67.2%
2022-08-09 13:37:52,317:	 INFO:	:Memory usage of dataframe is 1.10 MB
2022-08-09 13:37:52,323:	 INFO:	:Memory usage after optimization is: 0.36 MB
2022-08-09 13:37:52,323:	 INFO:	:Decreased by 67.2%
2022-08-09 14:00:47,068:	 INFO:	:get_the_last_experiment_file_name: /home/pk/Desktop/MachineLearning/project/Credit_card_default/CCdefault/app_artifact/stage00_data_ingestion/ingested_data/20220809140042/Train.csv
2022-08-09 14:00:47,069:	 INFO:	:dir_name: /home/pk/Desktop/MachineLearning/project/Credit_card_default/CCdefault/app_artifact/stage00_data_ingestion/ingested_data/
2022-08-09 14:00:47,070:	 INFO:	:get_the_last_experiment_file_name: /home/pk/Desktop/MachineLearning/project/Credit_card_default/CCdefault/app_artifact/stage00_data_ingestion/ingested_data/20220809140042/Test.csv
2022-08-09 14:00:47,070:	 INFO:	:dir_name: /home/pk/Desktop/MachineLearning/project/Credit_card_default/CCdefault/app_artifact/stage00_data_ingestion/ingested_data/
2022-08-09 14:00:47,070:	 INFO:	:get_the_last_experiment_file_name: /home/pk/Desktop/MachineLearning/project/Credit_card_default/CCdefault/app_artifact/stage00_data_ingestion/raw_data/20220809140042/UCI_Credit_Card.csv
2022-08-09 14:00:47,070:	 INFO:	:dir_name: /home/pk/Desktop/MachineLearning/project/Credit_card_default/CCdefault/app_artifact/stage00_data_ingestion/raw_data/
2022-08-09 14:00:47,359:	 INFO:	:get_the_last_experiment_file_name: /home/pk/Desktop/MachineLearning/project/Credit_card_default/CCdefault/app_artifact/stage01_data_validation/20220809140042/data_validated/Test.csv
2022-08-09 14:00:47,359:	 INFO:	:dir_name: /home/pk/Desktop/MachineLearning/project/Credit_card_default/CCdefault/app_artifact/stage01_data_validation/
2022-08-09 14:00:47,359:	 INFO:	:get_the_last_experiment_file_name: /home/pk/Desktop/MachineLearning/project/Credit_card_default/CCdefault/app_artifact/stage01_data_validation/20220809140042/data_validated/Train.csv
2022-08-09 14:00:47,359:	 INFO:	:dir_name: /home/pk/Desktop/MachineLearning/project/Credit_card_default/CCdefault/app_artifact/stage01_data_validation/
2022-08-09 14:00:47,724:	 INFO:	:Memory usage of dataframe is 4.39 MB
2022-08-09 14:00:47,733:	 INFO:	:Memory usage after optimization is: 1.44 MB
2022-08-09 14:00:47,733:	 INFO:	:Decreased by 67.2%
2022-08-09 14:00:47,740:	 INFO:	:Memory usage of dataframe is 1.10 MB
2022-08-09 14:00:47,747:	 INFO:	:Memory usage after optimization is: 0.36 MB
2022-08-09 14:00:47,747:	 INFO:	:Decreased by 67.2%
2022-08-09 14:01:15,495:	 INFO:	:get_the_last_experiment_file_name: /home/pk/Desktop/MachineLearning/project/Credit_card_default/CCdefault/app_artifact/stage00_data_ingestion/ingested_data/20220809140111/Train.csv
2022-08-09 14:01:15,495:	 INFO:	:dir_name: /home/pk/Desktop/MachineLearning/project/Credit_card_default/CCdefault/app_artifact/stage00_data_ingestion/ingested_data/
2022-08-09 14:01:15,496:	 INFO:	:get_the_last_experiment_file_name: /home/pk/Desktop/MachineLearning/project/Credit_card_default/CCdefault/app_artifact/stage00_data_ingestion/ingested_data/20220809140111/Test.csv
2022-08-09 14:01:15,496:	 INFO:	:dir_name: /home/pk/Desktop/MachineLearning/project/Credit_card_default/CCdefault/app_artifact/stage00_data_ingestion/ingested_data/
2022-08-09 14:01:15,496:	 INFO:	:get_the_last_experiment_file_name: /home/pk/Desktop/MachineLearning/project/Credit_card_default/CCdefault/app_artifact/stage00_data_ingestion/raw_data/20220809140111/UCI_Credit_Card.csv
2022-08-09 14:01:15,496:	 INFO:	:dir_name: /home/pk/Desktop/MachineLearning/project/Credit_card_default/CCdefault/app_artifact/stage00_data_ingestion/raw_data/
2022-08-09 14:01:15,762:	 INFO:	:get_the_last_experiment_file_name: /home/pk/Desktop/MachineLearning/project/Credit_card_default/CCdefault/app_artifact/stage01_data_validation/20220809140111/data_validated/Test.csv
2022-08-09 14:01:15,762:	 INFO:	:dir_name: /home/pk/Desktop/MachineLearning/project/Credit_card_default/CCdefault/app_artifact/stage01_data_validation/
2022-08-09 14:01:15,762:	 INFO:	:get_the_last_experiment_file_name: /home/pk/Desktop/MachineLearning/project/Credit_card_default/CCdefault/app_artifact/stage01_data_validation/20220809140111/data_validated/Train.csv
2022-08-09 14:01:15,762:	 INFO:	:dir_name: /home/pk/Desktop/MachineLearning/project/Credit_card_default/CCdefault/app_artifact/stage01_data_validation/
2022-08-09 14:01:16,116:	 INFO:	:Memory usage of dataframe is 4.39 MB
2022-08-09 14:01:16,125:	 INFO:	:Memory usage after optimization is: 1.44 MB
2022-08-09 14:01:16,125:	 INFO:	:Decreased by 67.2%
2022-08-09 14:01:16,132:	 INFO:	:Memory usage of dataframe is 1.10 MB
2022-08-09 14:01:16,138:	 INFO:	:Memory usage after optimization is: 0.36 MB
2022-08-09 14:01:16,139:	 INFO:	:Decreased by 67.2%
2022-08-09 14:17:19,128:	 INFO:	:Memory usage of dataframe is 4.58 MB
2022-08-09 14:17:19,136:	 INFO:	:Memory usage after optimization is: 1.49 MB
2022-08-09 14:17:19,136:	 INFO:	:Decreased by 67.5%
2022-08-09 14:17:19,137:	 INFO:	:Memory usage of dataframe is 1.14 MB
2022-08-09 14:17:19,143:	 INFO:	:Memory usage after optimization is: 0.37 MB
2022-08-09 14:17:19,143:	 INFO:	:Decreased by 67.5%
2022-08-09 14:24:18,366:	 INFO:	:Memory usage of dataframe is 4.39 MB
2022-08-09 14:24:18,375:	 INFO:	:Memory usage after optimization is: 1.44 MB
2022-08-09 14:24:18,375:	 INFO:	:Decreased by 67.2%
2022-08-09 14:24:18,375:	 INFO:	:Memory usage of dataframe is 1.10 MB
2022-08-09 14:24:18,381:	 INFO:	:Memory usage after optimization is: 0.36 MB
2022-08-09 14:24:18,381:	 INFO:	:Decreased by 67.2%
2022-08-09 18:22:47,142:	 INFO:	:get_the_last_experiment_file_name: /home/pk/Desktop/MachineLearning/project/Credit_card_default/CCdefault/app_artifact/stage00_data_ingestion/ingested_data/20220809182243/Train.csv
2022-08-09 18:22:47,142:	 INFO:	:dir_name: /home/pk/Desktop/MachineLearning/project/Credit_card_default/CCdefault/app_artifact/stage00_data_ingestion/ingested_data/
2022-08-09 18:22:47,142:	 INFO:	:get_the_last_experiment_file_name: /home/pk/Desktop/MachineLearning/project/Credit_card_default/CCdefault/app_artifact/stage00_data_ingestion/ingested_data/20220809182243/Test.csv
2022-08-09 18:22:47,142:	 INFO:	:dir_name: /home/pk/Desktop/MachineLearning/project/Credit_card_default/CCdefault/app_artifact/stage00_data_ingestion/ingested_data/
2022-08-09 18:22:47,142:	 INFO:	:get_the_last_experiment_file_name: /home/pk/Desktop/MachineLearning/project/Credit_card_default/CCdefault/app_artifact/stage00_data_ingestion/raw_data/20220809182243/UCI_Credit_Card.csv
2022-08-09 18:22:47,142:	 INFO:	:dir_name: /home/pk/Desktop/MachineLearning/project/Credit_card_default/CCdefault/app_artifact/stage00_data_ingestion/raw_data/
2022-08-09 18:22:47,357:	 INFO:	:get_the_last_experiment_file_name: /home/pk/Desktop/MachineLearning/project/Credit_card_default/CCdefault/app_artifact/stage01_data_validation/20220809182243/data_validated/Test.csv
2022-08-09 18:22:47,357:	 INFO:	:dir_name: /home/pk/Desktop/MachineLearning/project/Credit_card_default/CCdefault/app_artifact/stage01_data_validation/
2022-08-09 18:22:47,357:	 INFO:	:get_the_last_experiment_file_name: /home/pk/Desktop/MachineLearning/project/Credit_card_default/CCdefault/app_artifact/stage01_data_validation/20220809182243/data_validated/Train.csv
2022-08-09 18:22:47,357:	 INFO:	:dir_name: /home/pk/Desktop/MachineLearning/project/Credit_card_default/CCdefault/app_artifact/stage01_data_validation/
2022-08-09 18:25:17,535:	 INFO:	:get_the_last_experiment_file_name: /home/pk/Desktop/MachineLearning/project/Credit_card_default/CCdefault/app_artifact/stage00_data_ingestion/ingested_data/20220809182513/Train.csv
2022-08-09 18:25:17,536:	 INFO:	:dir_name: /home/pk/Desktop/MachineLearning/project/Credit_card_default/CCdefault/app_artifact/stage00_data_ingestion/ingested_data/
2022-08-09 18:25:17,536:	 INFO:	:get_the_last_experiment_file_name: /home/pk/Desktop/MachineLearning/project/Credit_card_default/CCdefault/app_artifact/stage00_data_ingestion/ingested_data/20220809182513/Test.csv
2022-08-09 18:25:17,537:	 INFO:	:dir_name: /home/pk/Desktop/MachineLearning/project/Credit_card_default/CCdefault/app_artifact/stage00_data_ingestion/ingested_data/
2022-08-09 18:25:17,537:	 INFO:	:get_the_last_experiment_file_name: /home/pk/Desktop/MachineLearning/project/Credit_card_default/CCdefault/app_artifact/stage00_data_ingestion/raw_data/20220809182513/UCI_Credit_Card.csv
2022-08-09 18:25:17,537:	 INFO:	:dir_name: /home/pk/Desktop/MachineLearning/project/Credit_card_default/CCdefault/app_artifact/stage00_data_ingestion/raw_data/
2022-08-09 18:25:17,847:	 INFO:	:get_the_last_experiment_file_name: /home/pk/Desktop/MachineLearning/project/Credit_card_default/CCdefault/app_artifact/stage01_data_validation/20220809182513/data_validated/Test.csv
2022-08-09 18:25:17,847:	 INFO:	:dir_name: /home/pk/Desktop/MachineLearning/project/Credit_card_default/CCdefault/app_artifact/stage01_data_validation/
2022-08-09 18:25:17,847:	 INFO:	:get_the_last_experiment_file_name: /home/pk/Desktop/MachineLearning/project/Credit_card_default/CCdefault/app_artifact/stage01_data_validation/20220809182513/data_validated/Train.csv
2022-08-09 18:25:17,847:	 INFO:	:dir_name: /home/pk/Desktop/MachineLearning/project/Credit_card_default/CCdefault/app_artifact/stage01_data_validation/
2022-08-09 18:25:18,234:	 INFO:	:Memory usage of dataframe is 4.39 MB
2022-08-09 18:25:18,243:	 INFO:	:Memory usage after optimization is: 1.44 MB
2022-08-09 18:25:18,244:	 INFO:	:Decreased by 67.2%
2022-08-09 18:25:18,250:	 INFO:	:Memory usage of dataframe is 1.10 MB
2022-08-09 18:25:18,257:	 INFO:	:Memory usage after optimization is: 0.36 MB
2022-08-09 18:25:18,257:	 INFO:	:Decreased by 67.2%
2022-08-09 18:44:04,027:	 INFO:	:Memory usage of dataframe is 4.58 MB
2022-08-09 18:44:04,035:	 INFO:	:Memory usage after optimization is: 1.49 MB
2022-08-09 18:44:04,035:	 INFO:	:Decreased by 67.5%
2022-08-09 18:44:04,036:	 INFO:	:Memory usage of dataframe is 1.14 MB
2022-08-09 18:44:04,041:	 INFO:	:Memory usage after optimization is: 0.37 MB
2022-08-09 18:44:04,041:	 INFO:	:Decreased by 67.5%
2022-08-09 18:46:19,542:	 INFO:	:Memory usage of dataframe is 4.39 MB
2022-08-09 18:46:19,552:	 INFO:	:Memory usage after optimization is: 1.44 MB
2022-08-09 18:46:19,552:	 INFO:	:Decreased by 67.2%
2022-08-09 18:46:19,553:	 INFO:	:Memory usage of dataframe is 1.10 MB
2022-08-09 18:46:19,559:	 INFO:	:Memory usage after optimization is: 0.36 MB
2022-08-09 18:46:19,559:	 INFO:	:Decreased by 67.2%
