2022-08-07 21:11:32,717:	 INFO:	:Started Initializing model from config file
2022-08-07 21:11:32,728:	 INFO:	:Executing command: from <module 'sklearn.ensemble' from '/home/pk/Desktop/MachineLearning/project/Creditcard/venv/lib/python3.7/site-packages/sklearn/ensemble/__init__.py'> import RandomForestClassifier
2022-08-07 21:11:32,738:	 INFO:	:Executing command: from <module 'catboost' from '/home/pk/Desktop/MachineLearning/project/Creditcard/venv/lib/python3.7/site-packages/catboost/__init__.py'> import CatBoostClassifier
2022-08-07 21:11:32,757:	 INFO:	:Executing command: from <module 'xgboost' from '/home/pk/Desktop/MachineLearning/project/Creditcard/venv/lib/python3.7/site-packages/xgboost/__init__.py'> import XGBClassifier
2022-08-07 21:11:32,759:	 INFO:	:Initialized model: [InitializedModelDetail(model_serial_number='model_1', model=RandomForestClassifier(), param_grid_search={'n_estimators': [500], 'criterion': ['gini', 'entropy'], 'max_features': ['auto', 'log2']}, model_name='sklearn.ensemble.RandomForestClassifier'), InitializedModelDetail(model_serial_number='model_2', model=<catboost.core.CatBoostClassifier object at 0x7f3589826310>, param_grid_search={'iterations': [100, 200], 'learning_rate': [0.01, 0.1], 'depth': [3, 5, 7], 'eval_metric': ['AUC', 'Accuracy', 'Precision']}, model_name='catboost.CatBoostClassifier'), InitializedModelDetail(model_serial_number='model_3', model=XGBClassifier(base_score=None, booster=None, callbacks=None,
              colsample_bylevel=None, colsample_bynode=None,
              colsample_bytree=None, early_stopping_rounds=None,
              enable_categorical=False, eval_metric=None, gamma=None,
              gpu_id=None, grow_policy=None, importance_type=None,
              interaction_constraints=None, learning_rate=None, max_bin=None,
              max_cat_to_onehot=None, max_delta_step=None, max_depth=None,
              max_leaves=None, min_child_weight=None, missing=nan,
              monotone_constraints=None, n_estimators=100, n_jobs=None,
              num_parallel_tree=None, predictor=None, random_state=None,
              reg_alpha=None, reg_lambda=None, ...), param_grid_search={'max_depth': [3, 5, 7], 'learning_rate': [0.01, 0.1], 'n_estimators': [100, 200], 'eval_metric': ['auc', 'error', 'logloss']}, model_name='xgboost.XGBClassifier')]
2022-08-07 21:11:32,760:	 INFO:	:Executing command: from <module 'sklearn.model_selection' from '/home/pk/Desktop/MachineLearning/project/Creditcard/venv/lib/python3.7/site-packages/sklearn/model_selection/__init__.py'> import GridSearchCV
2022-08-07 21:11:32,761:	 INFO:	:Executing:$ GridSearchCV(estimator=RandomForestClassifier(),
             param_grid={'criterion': ['gini', 'entropy'],
                         'max_features': ['auto', 'log2'],
                         'n_estimators': [500]}).cv=5
2022-08-07 21:11:32,763:	 INFO:	:Executing:$ GridSearchCV(cv=5, estimator=RandomForestClassifier(),
             param_grid={'criterion': ['gini', 'entropy'],
                         'max_features': ['auto', 'log2'],
                         'n_estimators': [500]}).verbose=2
2022-08-07 21:11:32,763:	 INFO:	:Executing:$ GridSearchCV(cv=5, estimator=RandomForestClassifier(),
             param_grid={'criterion': ['gini', 'entropy'],
                         'max_features': ['auto', 'log2'],
                         'n_estimators': [500]},
             verbose=2).n_jobs=-1
2022-08-07 21:11:32,764:	 INFO:	:Executing:$ GridSearchCV(cv=5, estimator=RandomForestClassifier(), n_jobs=-1,
             param_grid={'criterion': ['gini', 'entropy'],
                         'max_features': ['auto', 'log2'],
                         'n_estimators': [500]},
             verbose=2).scoring=roc_auc
2022-08-07 21:11:32,765:	 INFO:	:>>>>>>>>>>>>>>>>>>>>>>>>>>>>>>>>>>>>>>>>>>>>>>>>>>>>>>>>>>>> f"Training RandomForestClassifier Started." <<<<<<<<<<<<<<<<<<<<<<<<<<<<<<<<<<<<<<<<<<<<<<<<<<<<<<<<<<<<
2022-08-07 21:11:40,461:	 INFO:	:>>>>>>>>>>>>>>>>>>>>>>>>>>>>>>>>>>>>>>>>>>>>>>>>>>>>>>>>>>>> f"Training RandomForestClassifier Finished" <<<<<<<<<<<<<<<<<<<<<<<<<<<<<<<<<<<<<<<<<<<<<<<<<<<<<<<<<<<<
2022-08-07 21:11:40,462:	 INFO:	:>>>>>>>>>>>>>>>>>>>> Best model: >>>>>>>>>>>>>>>>>>>>
2022-08-07 21:11:40,462:	 INFO:	:RandomForestClassifier(criterion='entropy', n_estimators=500)
2022-08-07 21:11:40,463:	 INFO:	:>>>>>>>>>>>>>>>>>>>> Best Score: >>>>>>>>>>>>>>>>>>>>
2022-08-07 21:11:40,463:	 INFO:	:0.7914211664687447
2022-08-07 21:11:40,464:	 INFO:	:>>>>>>>>>>>>>>>>>>>> Best Params: >>>>>>>>>>>>>>>>>>>>
2022-08-07 21:11:40,464:	 INFO:	:{'criterion': 'entropy', 'max_features': 'auto', 'n_estimators': 500}
2022-08-07 21:11:40,465:	 INFO:	:Executing command: from <module 'sklearn.model_selection' from '/home/pk/Desktop/MachineLearning/project/Creditcard/venv/lib/python3.7/site-packages/sklearn/model_selection/__init__.py'> import GridSearchCV
2022-08-07 21:11:40,465:	 INFO:	:Executing:$ GridSearchCV(estimator=<catboost.core.CatBoostClassifier object at 0x7f3589826310>,
             param_grid={'depth': [3, 5, 7],
                         'eval_metric': ['AUC', 'Accuracy', 'Precision'],
                         'iterations': [100, 200],
                         'learning_rate': [0.01, 0.1]}).cv=5
2022-08-07 21:11:40,466:	 INFO:	:Executing:$ GridSearchCV(cv=5,
             estimator=<catboost.core.CatBoostClassifier object at 0x7f3589826310>,
             param_grid={'depth': [3, 5, 7],
                         'eval_metric': ['AUC', 'Accuracy', 'Precision'],
                         'iterations': [100, 200],
                         'learning_rate': [0.01, 0.1]}).verbose=2
2022-08-07 21:11:40,467:	 INFO:	:Executing:$ GridSearchCV(cv=5,
             estimator=<catboost.core.CatBoostClassifier object at 0x7f3589826310>,
             param_grid={'depth': [3, 5, 7],
                         'eval_metric': ['AUC', 'Accuracy', 'Precision'],
                         'iterations': [100, 200],
                         'learning_rate': [0.01, 0.1]},
             verbose=2).n_jobs=-1
2022-08-07 21:11:40,467:	 INFO:	:Executing:$ GridSearchCV(cv=5,
             estimator=<catboost.core.CatBoostClassifier object at 0x7f3589826310>,
             n_jobs=-1,
             param_grid={'depth': [3, 5, 7],
                         'eval_metric': ['AUC', 'Accuracy', 'Precision'],
                         'iterations': [100, 200],
                         'learning_rate': [0.01, 0.1]},
             verbose=2).scoring=roc_auc
2022-08-07 21:11:40,468:	 INFO:	:>>>>>>>>>>>>>>>>>>>>>>>>>>>>>>>>>>>>>>>>>>>>>>>>>>>>>>>>>>>> f"Training CatBoostClassifier Started." <<<<<<<<<<<<<<<<<<<<<<<<<<<<<<<<<<<<<<<<<<<<<<<<<<<<<<<<<<<<
2022-08-07 21:13:09,244:	 INFO:	:>>>>>>>>>>>>>>>>>>>>>>>>>>>>>>>>>>>>>>>>>>>>>>>>>>>>>>>>>>>> f"Training CatBoostClassifier Finished" <<<<<<<<<<<<<<<<<<<<<<<<<<<<<<<<<<<<<<<<<<<<<<<<<<<<<<<<<<<<
2022-08-07 21:13:09,245:	 INFO:	:>>>>>>>>>>>>>>>>>>>> Best model: >>>>>>>>>>>>>>>>>>>>
2022-08-07 21:13:09,246:	 INFO:	:<catboost.core.CatBoostClassifier object at 0x7f35793a5f10>
2022-08-07 21:13:09,247:	 INFO:	:>>>>>>>>>>>>>>>>>>>> Best Score: >>>>>>>>>>>>>>>>>>>>
2022-08-07 21:13:09,247:	 INFO:	:0.8044851561981249
2022-08-07 21:13:09,248:	 INFO:	:>>>>>>>>>>>>>>>>>>>> Best Params: >>>>>>>>>>>>>>>>>>>>
2022-08-07 21:13:09,249:	 INFO:	:{'depth': 3, 'eval_metric': 'AUC', 'iterations': 200, 'learning_rate': 0.01}
2022-08-07 21:13:09,250:	 INFO:	:Executing command: from <module 'sklearn.model_selection' from '/home/pk/Desktop/MachineLearning/project/Creditcard/venv/lib/python3.7/site-packages/sklearn/model_selection/__init__.py'> import GridSearchCV
2022-08-07 21:13:09,257:	 INFO:	:Executing:$ GridSearchCV(estimator=XGBClassifier(base_score=None, booster=None,
                                     callbacks=None, colsample_bylevel=None,
                                     colsample_bynode=None,
                                     colsample_bytree=None,
                                     early_stopping_rounds=None,
                                     enable_categorical=False, eval_metric=None,
                                     gamma=None, gpu_id=None, grow_policy=None,
                                     importance_type=None,
                                     interaction_constraints=None,
                                     learning_rate=None, max_bin=None,
                                     max_cat_to_...
                                     max_delta_step=None, max_depth=None,
                                     max_leaves=None, min_child_weight=None,
                                     missing=nan, monotone_constraints=None,
                                     n_estimators=100, n_jobs=None,
                                     num_parallel_tree=None, predictor=None,
                                     random_state=None, reg_alpha=None,
                                     reg_lambda=None, ...),
             param_grid={'eval_metric': ['auc', 'error', 'logloss'],
                         'learning_rate': [0.01, 0.1], 'max_depth': [3, 5, 7],
                         'n_estimators': [100, 200]}).cv=5
2022-08-07 21:13:09,262:	 INFO:	:Executing:$ GridSearchCV(cv=5,
             estimator=XGBClassifier(base_score=None, booster=None,
                                     callbacks=None, colsample_bylevel=None,
                                     colsample_bynode=None,
                                     colsample_bytree=None,
                                     early_stopping_rounds=None,
                                     enable_categorical=False, eval_metric=None,
                                     gamma=None, gpu_id=None, grow_policy=None,
                                     importance_type=None,
                                     interaction_constraints=None,
                                     learning_rate=None, max_bin=None,
                                     max_ca...
                                     max_delta_step=None, max_depth=None,
                                     max_leaves=None, min_child_weight=None,
                                     missing=nan, monotone_constraints=None,
                                     n_estimators=100, n_jobs=None,
                                     num_parallel_tree=None, predictor=None,
                                     random_state=None, reg_alpha=None,
                                     reg_lambda=None, ...),
             param_grid={'eval_metric': ['auc', 'error', 'logloss'],
                         'learning_rate': [0.01, 0.1], 'max_depth': [3, 5, 7],
                         'n_estimators': [100, 200]}).verbose=2
2022-08-07 21:13:09,272:	 INFO:	:Executing:$ GridSearchCV(cv=5,
             estimator=XGBClassifier(base_score=None, booster=None,
                                     callbacks=None, colsample_bylevel=None,
                                     colsample_bynode=None,
                                     colsample_bytree=None,
                                     early_stopping_rounds=None,
                                     enable_categorical=False, eval_metric=None,
                                     gamma=None, gpu_id=None, grow_policy=None,
                                     importance_type=None,
                                     interaction_constraints=None,
                                     learning_rate=None, max_bin=None,
                                     max_ca...
                                     max_delta_step=None, max_depth=None,
                                     max_leaves=None, min_child_weight=None,
                                     missing=nan, monotone_constraints=None,
                                     n_estimators=100, n_jobs=None,
                                     num_parallel_tree=None, predictor=None,
                                     random_state=None, reg_alpha=None,
                                     reg_lambda=None, ...),
             param_grid={'eval_metric': ['auc', 'error', 'logloss'],
                         'learning_rate': [0.01, 0.1], 'max_depth': [3, 5, 7],
                         'n_estimators': [100, 200]},
             verbose=2).n_jobs=-1
2022-08-07 21:13:09,283:	 INFO:	:Executing:$ GridSearchCV(cv=5,
             estimator=XGBClassifier(base_score=None, booster=None,
                                     callbacks=None, colsample_bylevel=None,
                                     colsample_bynode=None,
                                     colsample_bytree=None,
                                     early_stopping_rounds=None,
                                     enable_categorical=False, eval_metric=None,
                                     gamma=None, gpu_id=None, grow_policy=None,
                                     importance_type=None,
                                     interaction_constraints=None,
                                     learning_rate=None, max_bin=None,
                                     max_ca...
                                     max_delta_step=None, max_depth=None,
                                     max_leaves=None, min_child_weight=None,
                                     missing=nan, monotone_constraints=None,
                                     n_estimators=100, n_jobs=None,
                                     num_parallel_tree=None, predictor=None,
                                     random_state=None, reg_alpha=None,
                                     reg_lambda=None, ...),
             n_jobs=-1,
             param_grid={'eval_metric': ['auc', 'error', 'logloss'],
                         'learning_rate': [0.01, 0.1], 'max_depth': [3, 5, 7],
                         'n_estimators': [100, 200]},
             verbose=2).scoring=roc_auc
2022-08-07 21:13:09,284:	 INFO:	:>>>>>>>>>>>>>>>>>>>>>>>>>>>>>>>>>>>>>>>>>>>>>>>>>>>>>>>>>>>> f"Training XGBClassifier Started." <<<<<<<<<<<<<<<<<<<<<<<<<<<<<<<<<<<<<<<<<<<<<<<<<<<<<<<<<<<<
2022-08-07 21:13:22,949:	 INFO:	:>>>>>>>>>>>>>>>>>>>>>>>>>>>>>>>>>>>>>>>>>>>>>>>>>>>>>>>>>>>> f"Training XGBClassifier Finished" <<<<<<<<<<<<<<<<<<<<<<<<<<<<<<<<<<<<<<<<<<<<<<<<<<<<<<<<<<<<
2022-08-07 21:13:22,950:	 INFO:	:>>>>>>>>>>>>>>>>>>>> Best model: >>>>>>>>>>>>>>>>>>>>
2022-08-07 21:13:22,950:	 INFO:	:XGBClassifier(base_score=0.5, booster='gbtree', callbacks=None,
              colsample_bylevel=1, colsample_bynode=1, colsample_bytree=1,
              early_stopping_rounds=None, enable_categorical=False,
              eval_metric='auc', gamma=0, gpu_id=-1, grow_policy='depthwise',
              importance_type=None, interaction_constraints='',
              learning_rate=0.01, max_bin=256, max_cat_to_onehot=4,
              max_delta_step=0, max_depth=3, max_leaves=0, min_child_weight=1,
              missing=nan, monotone_constraints='()', n_estimators=200,
              n_jobs=0, num_parallel_tree=1, predictor='auto', random_state=0,
              reg_alpha=0, reg_lambda=1, ...)
2022-08-07 21:13:22,954:	 INFO:	:>>>>>>>>>>>>>>>>>>>> Best Score: >>>>>>>>>>>>>>>>>>>>
2022-08-07 21:13:22,955:	 INFO:	:0.7878676202456385
2022-08-07 21:13:22,955:	 INFO:	:>>>>>>>>>>>>>>>>>>>> Best Params: >>>>>>>>>>>>>>>>>>>>
2022-08-07 21:13:22,956:	 INFO:	:{'eval_metric': 'auc', 'learning_rate': 0.01, 'max_depth': 3, 'n_estimators': 200}
2022-08-07 21:13:22,957:	 INFO:	:Acceptable model found:GridSearchedBestModel(model_serial_number='model_1', model=RandomForestClassifier(), best_model=RandomForestClassifier(criterion='entropy', n_estimators=500), best_parameters={'criterion': 'entropy', 'max_features': 'auto', 'n_estimators': 500}, best_score=0.7914211664687447)
2022-08-07 21:13:22,957:	 INFO:	:Acceptable model found:GridSearchedBestModel(model_serial_number='model_2', model=<catboost.core.CatBoostClassifier object at 0x7f3589826310>, best_model=<catboost.core.CatBoostClassifier object at 0x7f35793a5f10>, best_parameters={'depth': 3, 'eval_metric': 'AUC', 'iterations': 200, 'learning_rate': 0.01}, best_score=0.8044851561981249)
2022-08-07 21:13:22,958:	 INFO:	:Best model: GridSearchedBestModel(model_serial_number='model_2', model=<catboost.core.CatBoostClassifier object at 0x7f3589826310>, best_model=<catboost.core.CatBoostClassifier object at 0x7f35793a5f10>, best_parameters={'depth': 3, 'eval_metric': 'AUC', 'iterations': 200, 'learning_rate': 0.01}, best_score=0.8044851561981249)
2022-08-07 21:13:22,963:	 INFO:	:evaluating RandomForestClassifier model
2022-08-07 21:13:22,964:	 INFO:	:predicting RandomForestClassifier model
2022-08-07 21:13:23,308:	 INFO:	:RandomForestClassifier model report
2022-08-07 21:13:23,313:	 INFO:	:Plotting RandomForestClassifier model report
2022-08-07 21:13:23,314:	 INFO:	:{'experiment_id': None, 'model_name': 'RandomForestClassifier', 'model_object': RandomForestClassifier(criterion='entropy', n_estimators=500), 'train_precision': 1.0, 'test_precision': 0.6896551724137931, 'train_recall': 1.0, 'test_recall': 0.37037037037037035, 'train_f1': 1.0, 'test_f1': 0.48192771084337355, 'train_accuracy': 1.0, 'test_accuracy': 0.8552188552188552, 'accuracy_diff': 0.1447811447811448, 'model_accuracy': 0.9276094276094276, 'model_index': 0}
2022-08-07 21:13:23,314:	 INFO:	:Plotting the model report
2022-08-07 21:13:23,462:	 INFO:	:ROC AUC Score for RandomForestClassifier is 0.7653939948178632
2022-08-07 21:13:23,833:	 INFO:	:Model report saved at /home/pk/Desktop/MachineLearning/project/Credit_card_default/CCdefault/app_artifact/stage03_model_training/model_report/20220807211041/cluster_0.0/model_report/2022-08-07-21-13-22/RandomForestClassifier
2022-08-07 21:13:23,833:	 INFO:	:evaluating CatBoostClassifier model
2022-08-07 21:13:23,834:	 INFO:	:predicting CatBoostClassifier model
2022-08-07 21:13:23,847:	 INFO:	:CatBoostClassifier model report
2022-08-07 21:13:23,859:	 INFO:	:Plotting CatBoostClassifier model report
2022-08-07 21:13:23,860:	 INFO:	:{'experiment_id': None, 'model_name': 'CatBoostClassifier', 'model_object': <catboost.core.CatBoostClassifier object at 0x7f35793a5f10>, 'train_precision': 0.7007042253521126, 'test_precision': 0.703125, 'train_recall': 0.45852534562211983, 'test_recall': 0.4166666666666667, 'train_f1': 0.5543175487465181, 'test_f1': 0.5232558139534883, 'train_accuracy': 0.8653198653198653, 'test_accuracy': 0.8619528619528619, 'accuracy_diff': 0.0033670033670033517, 'model_accuracy': 0.8636363636363635, 'model_index': 1}
2022-08-07 21:13:23,861:	 INFO:	:Plotting the model report
2022-08-07 21:13:23,911:	 INFO:	:ROC AUC Score for CatBoostClassifier is 0.7690519737844841
2022-08-07 21:13:24,719:	 INFO:	:Model report saved at /home/pk/Desktop/MachineLearning/project/Credit_card_default/CCdefault/app_artifact/stage03_model_training/model_report/20220807211041/cluster_0.0/model_report/2022-08-07-21-13-22/CatBoostClassifier
2022-08-07 21:13:24,719:	 INFO:	:Acceptable model found MetricInfoArtifact(). 
2022-08-07 21:13:24,720:	 INFO:	:evaluating XGBClassifier model
2022-08-07 21:13:24,720:	 INFO:	:predicting XGBClassifier model
2022-08-07 21:13:24,831:	 INFO:	:XGBClassifier model report
2022-08-07 21:13:24,838:	 INFO:	:Plotting XGBClassifier model report
2022-08-07 21:13:24,841:	 INFO:	:{'experiment_id': None, 'model_name': 'XGBClassifier', 'model_object': XGBClassifier(base_score=0.5, booster='gbtree', callbacks=None,
              colsample_bylevel=1, colsample_bynode=1, colsample_bytree=1,
              early_stopping_rounds=None, enable_categorical=False,
              eval_metric='auc', gamma=0, gpu_id=-1, grow_policy='depthwise',
              importance_type=None, interaction_constraints='',
              learning_rate=0.01, max_bin=256, max_cat_to_onehot=4,
              max_delta_step=0, max_depth=3, max_leaves=0, min_child_weight=1,
              missing=nan, monotone_constraints='()', n_estimators=200,
              n_jobs=0, num_parallel_tree=1, predictor='auto', random_state=0,
              reg_alpha=0, reg_lambda=1, ...), 'train_precision': 0.7181208053691275, 'test_precision': 0.6818181818181818, 'train_recall': 0.4930875576036866, 'test_recall': 0.4166666666666667, 'train_f1': 0.5846994535519126, 'test_f1': 0.5172413793103449, 'train_accuracy': 0.8720538720538721, 'test_accuracy': 0.8585858585858586, 'accuracy_diff': 0.013468013468013518, 'model_accuracy': 0.8653198653198653, 'model_index': 2}
2022-08-07 21:13:24,841:	 INFO:	:Plotting the model report
2022-08-07 21:13:24,893:	 INFO:	:ROC AUC Score for XGBClassifier is 0.7715954122847127
2022-08-07 21:13:25,355:	 INFO:	:Model report saved at /home/pk/Desktop/MachineLearning/project/Credit_card_default/CCdefault/app_artifact/stage03_model_training/model_report/20220807211041/cluster_0.0/model_report/2022-08-07-21-13-22/XGBClassifier
2022-08-07 21:13:25,356:	 INFO:	:Acceptable model found MetricInfoArtifact(). 
2022-08-07 21:13:25,388:	 INFO:	:Started Initializing model from config file
2022-08-07 21:13:25,389:	 INFO:	:Executing command: from <module 'sklearn.ensemble' from '/home/pk/Desktop/MachineLearning/project/Creditcard/venv/lib/python3.7/site-packages/sklearn/ensemble/__init__.py'> import RandomForestClassifier
2022-08-07 21:13:25,389:	 INFO:	:Executing command: from <module 'catboost' from '/home/pk/Desktop/MachineLearning/project/Creditcard/venv/lib/python3.7/site-packages/catboost/__init__.py'> import CatBoostClassifier
2022-08-07 21:13:25,390:	 INFO:	:Executing command: from <module 'xgboost' from '/home/pk/Desktop/MachineLearning/project/Creditcard/venv/lib/python3.7/site-packages/xgboost/__init__.py'> import XGBClassifier
2022-08-07 21:13:25,391:	 INFO:	:Initialized model: [InitializedModelDetail(model_serial_number='model_1', model=RandomForestClassifier(), param_grid_search={'n_estimators': [500], 'criterion': ['gini', 'entropy'], 'max_features': ['auto', 'log2']}, model_name='sklearn.ensemble.RandomForestClassifier'), InitializedModelDetail(model_serial_number='model_2', model=<catboost.core.CatBoostClassifier object at 0x7f35788daa50>, param_grid_search={'iterations': [100, 200], 'learning_rate': [0.01, 0.1], 'depth': [3, 5, 7], 'eval_metric': ['AUC', 'Accuracy', 'Precision']}, model_name='catboost.CatBoostClassifier'), InitializedModelDetail(model_serial_number='model_3', model=XGBClassifier(base_score=None, booster=None, callbacks=None,
              colsample_bylevel=None, colsample_bynode=None,
              colsample_bytree=None, early_stopping_rounds=None,
              enable_categorical=False, eval_metric=None, gamma=None,
              gpu_id=None, grow_policy=None, importance_type=None,
              interaction_constraints=None, learning_rate=None, max_bin=None,
              max_cat_to_onehot=None, max_delta_step=None, max_depth=None,
              max_leaves=None, min_child_weight=None, missing=nan,
              monotone_constraints=None, n_estimators=100, n_jobs=None,
              num_parallel_tree=None, predictor=None, random_state=None,
              reg_alpha=None, reg_lambda=None, ...), param_grid_search={'max_depth': [3, 5, 7], 'learning_rate': [0.01, 0.1], 'n_estimators': [100, 200], 'eval_metric': ['auc', 'error', 'logloss']}, model_name='xgboost.XGBClassifier')]
2022-08-07 21:13:25,391:	 INFO:	:Executing command: from <module 'sklearn.model_selection' from '/home/pk/Desktop/MachineLearning/project/Creditcard/venv/lib/python3.7/site-packages/sklearn/model_selection/__init__.py'> import GridSearchCV
2022-08-07 21:13:25,392:	 INFO:	:Executing:$ GridSearchCV(estimator=RandomForestClassifier(),
             param_grid={'criterion': ['gini', 'entropy'],
                         'max_features': ['auto', 'log2'],
                         'n_estimators': [500]}).cv=5
2022-08-07 21:13:25,392:	 INFO:	:Executing:$ GridSearchCV(cv=5, estimator=RandomForestClassifier(),
             param_grid={'criterion': ['gini', 'entropy'],
                         'max_features': ['auto', 'log2'],
                         'n_estimators': [500]}).verbose=2
2022-08-07 21:13:25,393:	 INFO:	:Executing:$ GridSearchCV(cv=5, estimator=RandomForestClassifier(),
             param_grid={'criterion': ['gini', 'entropy'],
                         'max_features': ['auto', 'log2'],
                         'n_estimators': [500]},
             verbose=2).n_jobs=-1
2022-08-07 21:13:25,395:	 INFO:	:Executing:$ GridSearchCV(cv=5, estimator=RandomForestClassifier(), n_jobs=-1,
             param_grid={'criterion': ['gini', 'entropy'],
                         'max_features': ['auto', 'log2'],
                         'n_estimators': [500]},
             verbose=2).scoring=roc_auc
2022-08-07 21:13:25,395:	 INFO:	:>>>>>>>>>>>>>>>>>>>>>>>>>>>>>>>>>>>>>>>>>>>>>>>>>>>>>>>>>>>> f"Training RandomForestClassifier Started." <<<<<<<<<<<<<<<<<<<<<<<<<<<<<<<<<<<<<<<<<<<<<<<<<<<<<<<<<<<<
2022-08-07 21:13:52,799:	 INFO:	:>>>>>>>>>>>>>>>>>>>>>>>>>>>>>>>>>>>>>>>>>>>>>>>>>>>>>>>>>>>> f"Training RandomForestClassifier Finished" <<<<<<<<<<<<<<<<<<<<<<<<<<<<<<<<<<<<<<<<<<<<<<<<<<<<<<<<<<<<
2022-08-07 21:13:52,800:	 INFO:	:>>>>>>>>>>>>>>>>>>>> Best model: >>>>>>>>>>>>>>>>>>>>
2022-08-07 21:13:52,800:	 INFO:	:RandomForestClassifier(criterion='entropy', n_estimators=500)
2022-08-07 21:13:52,801:	 INFO:	:>>>>>>>>>>>>>>>>>>>> Best Score: >>>>>>>>>>>>>>>>>>>>
2022-08-07 21:13:52,801:	 INFO:	:0.7985332708800339
2022-08-07 21:13:52,802:	 INFO:	:>>>>>>>>>>>>>>>>>>>> Best Params: >>>>>>>>>>>>>>>>>>>>
2022-08-07 21:13:52,803:	 INFO:	:{'criterion': 'entropy', 'max_features': 'auto', 'n_estimators': 500}
2022-08-07 21:13:52,803:	 INFO:	:Executing command: from <module 'sklearn.model_selection' from '/home/pk/Desktop/MachineLearning/project/Creditcard/venv/lib/python3.7/site-packages/sklearn/model_selection/__init__.py'> import GridSearchCV
2022-08-07 21:13:52,804:	 INFO:	:Executing:$ GridSearchCV(estimator=<catboost.core.CatBoostClassifier object at 0x7f35788daa50>,
             param_grid={'depth': [3, 5, 7],
                         'eval_metric': ['AUC', 'Accuracy', 'Precision'],
                         'iterations': [100, 200],
                         'learning_rate': [0.01, 0.1]}).cv=5
2022-08-07 21:13:52,805:	 INFO:	:Executing:$ GridSearchCV(cv=5,
             estimator=<catboost.core.CatBoostClassifier object at 0x7f35788daa50>,
             param_grid={'depth': [3, 5, 7],
                         'eval_metric': ['AUC', 'Accuracy', 'Precision'],
                         'iterations': [100, 200],
                         'learning_rate': [0.01, 0.1]}).verbose=2
2022-08-07 21:13:52,805:	 INFO:	:Executing:$ GridSearchCV(cv=5,
             estimator=<catboost.core.CatBoostClassifier object at 0x7f35788daa50>,
             param_grid={'depth': [3, 5, 7],
                         'eval_metric': ['AUC', 'Accuracy', 'Precision'],
                         'iterations': [100, 200],
                         'learning_rate': [0.01, 0.1]},
             verbose=2).n_jobs=-1
2022-08-07 21:13:52,806:	 INFO:	:Executing:$ GridSearchCV(cv=5,
             estimator=<catboost.core.CatBoostClassifier object at 0x7f35788daa50>,
             n_jobs=-1,
             param_grid={'depth': [3, 5, 7],
                         'eval_metric': ['AUC', 'Accuracy', 'Precision'],
                         'iterations': [100, 200],
                         'learning_rate': [0.01, 0.1]},
             verbose=2).scoring=roc_auc
2022-08-07 21:13:52,806:	 INFO:	:>>>>>>>>>>>>>>>>>>>>>>>>>>>>>>>>>>>>>>>>>>>>>>>>>>>>>>>>>>>> f"Training CatBoostClassifier Started." <<<<<<<<<<<<<<<<<<<<<<<<<<<<<<<<<<<<<<<<<<<<<<<<<<<<<<<<<<<<
2022-08-07 21:16:09,770:	 INFO:	:>>>>>>>>>>>>>>>>>>>>>>>>>>>>>>>>>>>>>>>>>>>>>>>>>>>>>>>>>>>> f"Training CatBoostClassifier Finished" <<<<<<<<<<<<<<<<<<<<<<<<<<<<<<<<<<<<<<<<<<<<<<<<<<<<<<<<<<<<
2022-08-07 21:16:09,771:	 INFO:	:>>>>>>>>>>>>>>>>>>>> Best model: >>>>>>>>>>>>>>>>>>>>
2022-08-07 21:16:09,774:	 INFO:	:<catboost.core.CatBoostClassifier object at 0x7f3578c88490>
2022-08-07 21:16:09,776:	 INFO:	:>>>>>>>>>>>>>>>>>>>> Best Score: >>>>>>>>>>>>>>>>>>>>
2022-08-07 21:16:09,778:	 INFO:	:0.8079271597317323
2022-08-07 21:16:09,780:	 INFO:	:>>>>>>>>>>>>>>>>>>>> Best Params: >>>>>>>>>>>>>>>>>>>>
2022-08-07 21:16:09,781:	 INFO:	:{'depth': 7, 'eval_metric': 'AUC', 'iterations': 100, 'learning_rate': 0.1}
2022-08-07 21:16:09,784:	 INFO:	:Executing command: from <module 'sklearn.model_selection' from '/home/pk/Desktop/MachineLearning/project/Creditcard/venv/lib/python3.7/site-packages/sklearn/model_selection/__init__.py'> import GridSearchCV
2022-08-07 21:16:09,794:	 INFO:	:Executing:$ GridSearchCV(estimator=XGBClassifier(base_score=None, booster=None,
                                     callbacks=None, colsample_bylevel=None,
                                     colsample_bynode=None,
                                     colsample_bytree=None,
                                     early_stopping_rounds=None,
                                     enable_categorical=False, eval_metric=None,
                                     gamma=None, gpu_id=None, grow_policy=None,
                                     importance_type=None,
                                     interaction_constraints=None,
                                     learning_rate=None, max_bin=None,
                                     max_cat_to_...
                                     max_delta_step=None, max_depth=None,
                                     max_leaves=None, min_child_weight=None,
                                     missing=nan, monotone_constraints=None,
                                     n_estimators=100, n_jobs=None,
                                     num_parallel_tree=None, predictor=None,
                                     random_state=None, reg_alpha=None,
                                     reg_lambda=None, ...),
             param_grid={'eval_metric': ['auc', 'error', 'logloss'],
                         'learning_rate': [0.01, 0.1], 'max_depth': [3, 5, 7],
                         'n_estimators': [100, 200]}).cv=5
2022-08-07 21:16:09,802:	 INFO:	:Executing:$ GridSearchCV(cv=5,
             estimator=XGBClassifier(base_score=None, booster=None,
                                     callbacks=None, colsample_bylevel=None,
                                     colsample_bynode=None,
                                     colsample_bytree=None,
                                     early_stopping_rounds=None,
                                     enable_categorical=False, eval_metric=None,
                                     gamma=None, gpu_id=None, grow_policy=None,
                                     importance_type=None,
                                     interaction_constraints=None,
                                     learning_rate=None, max_bin=None,
                                     max_ca...
                                     max_delta_step=None, max_depth=None,
                                     max_leaves=None, min_child_weight=None,
                                     missing=nan, monotone_constraints=None,
                                     n_estimators=100, n_jobs=None,
                                     num_parallel_tree=None, predictor=None,
                                     random_state=None, reg_alpha=None,
                                     reg_lambda=None, ...),
             param_grid={'eval_metric': ['auc', 'error', 'logloss'],
                         'learning_rate': [0.01, 0.1], 'max_depth': [3, 5, 7],
                         'n_estimators': [100, 200]}).verbose=2
2022-08-07 21:16:09,811:	 INFO:	:Executing:$ GridSearchCV(cv=5,
             estimator=XGBClassifier(base_score=None, booster=None,
                                     callbacks=None, colsample_bylevel=None,
                                     colsample_bynode=None,
                                     colsample_bytree=None,
                                     early_stopping_rounds=None,
                                     enable_categorical=False, eval_metric=None,
                                     gamma=None, gpu_id=None, grow_policy=None,
                                     importance_type=None,
                                     interaction_constraints=None,
                                     learning_rate=None, max_bin=None,
                                     max_ca...
                                     max_delta_step=None, max_depth=None,
                                     max_leaves=None, min_child_weight=None,
                                     missing=nan, monotone_constraints=None,
                                     n_estimators=100, n_jobs=None,
                                     num_parallel_tree=None, predictor=None,
                                     random_state=None, reg_alpha=None,
                                     reg_lambda=None, ...),
             param_grid={'eval_metric': ['auc', 'error', 'logloss'],
                         'learning_rate': [0.01, 0.1], 'max_depth': [3, 5, 7],
                         'n_estimators': [100, 200]},
             verbose=2).n_jobs=-1
2022-08-07 21:16:09,818:	 INFO:	:Executing:$ GridSearchCV(cv=5,
             estimator=XGBClassifier(base_score=None, booster=None,
                                     callbacks=None, colsample_bylevel=None,
                                     colsample_bynode=None,
                                     colsample_bytree=None,
                                     early_stopping_rounds=None,
                                     enable_categorical=False, eval_metric=None,
                                     gamma=None, gpu_id=None, grow_policy=None,
                                     importance_type=None,
                                     interaction_constraints=None,
                                     learning_rate=None, max_bin=None,
                                     max_ca...
                                     max_delta_step=None, max_depth=None,
                                     max_leaves=None, min_child_weight=None,
                                     missing=nan, monotone_constraints=None,
                                     n_estimators=100, n_jobs=None,
                                     num_parallel_tree=None, predictor=None,
                                     random_state=None, reg_alpha=None,
                                     reg_lambda=None, ...),
             n_jobs=-1,
             param_grid={'eval_metric': ['auc', 'error', 'logloss'],
                         'learning_rate': [0.01, 0.1], 'max_depth': [3, 5, 7],
                         'n_estimators': [100, 200]},
             verbose=2).scoring=roc_auc
2022-08-07 21:16:09,820:	 INFO:	:>>>>>>>>>>>>>>>>>>>>>>>>>>>>>>>>>>>>>>>>>>>>>>>>>>>>>>>>>>>> f"Training XGBClassifier Started." <<<<<<<<<<<<<<<<<<<<<<<<<<<<<<<<<<<<<<<<<<<<<<<<<<<<<<<<<<<<
2022-08-07 21:16:58,681:	 INFO:	:>>>>>>>>>>>>>>>>>>>>>>>>>>>>>>>>>>>>>>>>>>>>>>>>>>>>>>>>>>>> f"Training XGBClassifier Finished" <<<<<<<<<<<<<<<<<<<<<<<<<<<<<<<<<<<<<<<<<<<<<<<<<<<<<<<<<<<<
2022-08-07 21:16:58,682:	 INFO:	:>>>>>>>>>>>>>>>>>>>> Best model: >>>>>>>>>>>>>>>>>>>>
2022-08-07 21:16:58,687:	 INFO:	:XGBClassifier(base_score=0.5, booster='gbtree', callbacks=None,
              colsample_bylevel=1, colsample_bynode=1, colsample_bytree=1,
              early_stopping_rounds=None, enable_categorical=False,
              eval_metric='auc', gamma=0, gpu_id=-1, grow_policy='depthwise',
              importance_type=None, interaction_constraints='',
              learning_rate=0.1, max_bin=256, max_cat_to_onehot=4,
              max_delta_step=0, max_depth=3, max_leaves=0, min_child_weight=1,
              missing=nan, monotone_constraints='()', n_estimators=100,
              n_jobs=0, num_parallel_tree=1, predictor='auto', random_state=0,
              reg_alpha=0, reg_lambda=1, ...)
2022-08-07 21:16:58,691:	 INFO:	:>>>>>>>>>>>>>>>>>>>> Best Score: >>>>>>>>>>>>>>>>>>>>
2022-08-07 21:16:58,692:	 INFO:	:0.8052551203436519
2022-08-07 21:16:58,693:	 INFO:	:>>>>>>>>>>>>>>>>>>>> Best Params: >>>>>>>>>>>>>>>>>>>>
2022-08-07 21:16:58,694:	 INFO:	:{'eval_metric': 'auc', 'learning_rate': 0.1, 'max_depth': 3, 'n_estimators': 100}
2022-08-07 21:16:58,695:	 INFO:	:Acceptable model found:GridSearchedBestModel(model_serial_number='model_1', model=RandomForestClassifier(), best_model=RandomForestClassifier(criterion='entropy', n_estimators=500), best_parameters={'criterion': 'entropy', 'max_features': 'auto', 'n_estimators': 500}, best_score=0.7985332708800339)
2022-08-07 21:16:58,696:	 INFO:	:Acceptable model found:GridSearchedBestModel(model_serial_number='model_2', model=<catboost.core.CatBoostClassifier object at 0x7f35788daa50>, best_model=<catboost.core.CatBoostClassifier object at 0x7f3578c88490>, best_parameters={'depth': 7, 'eval_metric': 'AUC', 'iterations': 100, 'learning_rate': 0.1}, best_score=0.8079271597317323)
2022-08-07 21:16:58,697:	 INFO:	:Best model: GridSearchedBestModel(model_serial_number='model_2', model=<catboost.core.CatBoostClassifier object at 0x7f35788daa50>, best_model=<catboost.core.CatBoostClassifier object at 0x7f3578c88490>, best_parameters={'depth': 7, 'eval_metric': 'AUC', 'iterations': 100, 'learning_rate': 0.1}, best_score=0.8079271597317323)
2022-08-07 21:16:58,703:	 INFO:	:evaluating RandomForestClassifier model
2022-08-07 21:16:58,704:	 INFO:	:predicting RandomForestClassifier model
2022-08-07 21:16:59,690:	 INFO:	:RandomForestClassifier model report
2022-08-07 21:16:59,704:	 INFO:	:Plotting RandomForestClassifier model report
2022-08-07 21:16:59,704:	 INFO:	:{'experiment_id': None, 'model_name': 'RandomForestClassifier', 'model_object': RandomForestClassifier(criterion='entropy', n_estimators=500), 'train_precision': 1.0, 'test_precision': 0.6862745098039216, 'train_recall': 1.0, 'test_recall': 0.46255506607929514, 'train_f1': 1.0, 'test_f1': 0.5526315789473684, 'train_accuracy': 1.0, 'test_accuracy': 0.7980997624703088, 'accuracy_diff': 0.20190023752969122, 'model_accuracy': 0.8990498812351544, 'model_index': 0}
2022-08-07 21:16:59,705:	 INFO:	:Plotting the model report
2022-08-07 21:16:59,729:	 INFO:	:ROC AUC Score for RandomForestClassifier is 0.8084062573371696
2022-08-07 21:17:00,182:	 INFO:	:Model report saved at /home/pk/Desktop/MachineLearning/project/Credit_card_default/CCdefault/app_artifact/stage03_model_training/model_report/20220807211041/cluster_1.0/model_report/2022-08-07-21-16-58/RandomForestClassifier
2022-08-07 21:17:00,183:	 INFO:	:evaluating CatBoostClassifier model
2022-08-07 21:17:00,183:	 INFO:	:predicting CatBoostClassifier model
2022-08-07 21:17:00,228:	 INFO:	:CatBoostClassifier model report
2022-08-07 21:17:00,242:	 INFO:	:Plotting CatBoostClassifier model report
2022-08-07 21:17:00,243:	 INFO:	:{'experiment_id': None, 'model_name': 'CatBoostClassifier', 'model_object': <catboost.core.CatBoostClassifier object at 0x7f3578c88490>, 'train_precision': 0.7742094861660079, 'test_precision': 0.6787234042553192, 'train_recall': 0.5744134897360704, 'test_recall': 0.4684287812041116, 'train_f1': 0.6595117845117845, 'test_f1': 0.5543006081668115, 'train_accuracy': 0.8398178398178399, 'test_accuracy': 0.7969121140142518, 'accuracy_diff': 0.04290572580358809, 'model_accuracy': 0.8183649769160458, 'model_index': 1}
2022-08-07 21:17:00,243:	 INFO:	:Plotting the model report
2022-08-07 21:17:00,267:	 INFO:	:ROC AUC Score for CatBoostClassifier is 0.8115850673925241
2022-08-07 21:17:03,247:	 INFO:	:Model report saved at /home/pk/Desktop/MachineLearning/project/Credit_card_default/CCdefault/app_artifact/stage03_model_training/model_report/20220807211041/cluster_1.0/model_report/2022-08-07-21-16-58/CatBoostClassifier
2022-08-07 21:17:03,248:	 INFO:	:Acceptable model found MetricInfoArtifact(). 
2022-08-07 21:17:03,248:	 INFO:	:evaluating XGBClassifier model
2022-08-07 21:17:03,248:	 INFO:	:predicting XGBClassifier model
2022-08-07 21:17:03,258:	 INFO:	:XGBClassifier model report
2022-08-07 21:17:03,274:	 INFO:	:Plotting XGBClassifier model report
2022-08-07 21:17:03,276:	 INFO:	:{'experiment_id': None, 'model_name': 'XGBClassifier', 'model_object': XGBClassifier(base_score=0.5, booster='gbtree', callbacks=None,
              colsample_bylevel=1, colsample_bynode=1, colsample_bytree=1,
              early_stopping_rounds=None, enable_categorical=False,
              eval_metric='auc', gamma=0, gpu_id=-1, grow_policy='depthwise',
              importance_type=None, interaction_constraints='',
              learning_rate=0.1, max_bin=256, max_cat_to_onehot=4,
              max_delta_step=0, max_depth=3, max_leaves=0, min_child_weight=1,
              missing=nan, monotone_constraints='()', n_estimators=100,
              n_jobs=0, num_parallel_tree=1, predictor='auto', random_state=0,
              reg_alpha=0, reg_lambda=1, ...), 'train_precision': 0.710446247464503, 'test_precision': 0.6855895196506551, 'train_recall': 0.5135630498533724, 'test_recall': 0.461086637298091, 'train_f1': 0.5961702127659575, 'test_f1': 0.5513608428446005, 'train_accuracy': 0.8120978120978121, 'test_accuracy': 0.7977038796516231, 'accuracy_diff': 0.014393932446188917, 'model_accuracy': 0.8049008458747176, 'model_index': 2}
2022-08-07 21:17:03,276:	 INFO:	:Plotting the model report
2022-08-07 21:17:03,300:	 INFO:	:ROC AUC Score for XGBClassifier is 0.8052521200689247
2022-08-07 21:17:05,894:	 INFO:	:Model report saved at /home/pk/Desktop/MachineLearning/project/Credit_card_default/CCdefault/app_artifact/stage03_model_training/model_report/20220807211041/cluster_1.0/model_report/2022-08-07-21-16-58/XGBClassifier
2022-08-07 21:17:05,902:	 INFO:	:Started Initializing model from config file
2022-08-07 21:17:05,902:	 INFO:	:Executing command: from <module 'sklearn.ensemble' from '/home/pk/Desktop/MachineLearning/project/Creditcard/venv/lib/python3.7/site-packages/sklearn/ensemble/__init__.py'> import RandomForestClassifier
2022-08-07 21:17:05,902:	 INFO:	:Executing command: from <module 'catboost' from '/home/pk/Desktop/MachineLearning/project/Creditcard/venv/lib/python3.7/site-packages/catboost/__init__.py'> import CatBoostClassifier
2022-08-07 21:17:05,903:	 INFO:	:Executing command: from <module 'xgboost' from '/home/pk/Desktop/MachineLearning/project/Creditcard/venv/lib/python3.7/site-packages/xgboost/__init__.py'> import XGBClassifier
2022-08-07 21:17:05,904:	 INFO:	:Initialized model: [InitializedModelDetail(model_serial_number='model_1', model=RandomForestClassifier(), param_grid_search={'n_estimators': [500], 'criterion': ['gini', 'entropy'], 'max_features': ['auto', 'log2']}, model_name='sklearn.ensemble.RandomForestClassifier'), InitializedModelDetail(model_serial_number='model_2', model=<catboost.core.CatBoostClassifier object at 0x7f3578e33d50>, param_grid_search={'iterations': [100, 200], 'learning_rate': [0.01, 0.1], 'depth': [3, 5, 7], 'eval_metric': ['AUC', 'Accuracy', 'Precision']}, model_name='catboost.CatBoostClassifier'), InitializedModelDetail(model_serial_number='model_3', model=XGBClassifier(base_score=None, booster=None, callbacks=None,
              colsample_bylevel=None, colsample_bynode=None,
              colsample_bytree=None, early_stopping_rounds=None,
              enable_categorical=False, eval_metric=None, gamma=None,
              gpu_id=None, grow_policy=None, importance_type=None,
              interaction_constraints=None, learning_rate=None, max_bin=None,
              max_cat_to_onehot=None, max_delta_step=None, max_depth=None,
              max_leaves=None, min_child_weight=None, missing=nan,
              monotone_constraints=None, n_estimators=100, n_jobs=None,
              num_parallel_tree=None, predictor=None, random_state=None,
              reg_alpha=None, reg_lambda=None, ...), param_grid_search={'max_depth': [3, 5, 7], 'learning_rate': [0.01, 0.1], 'n_estimators': [100, 200], 'eval_metric': ['auc', 'error', 'logloss']}, model_name='xgboost.XGBClassifier')]
2022-08-07 21:17:05,904:	 INFO:	:Executing command: from <module 'sklearn.model_selection' from '/home/pk/Desktop/MachineLearning/project/Creditcard/venv/lib/python3.7/site-packages/sklearn/model_selection/__init__.py'> import GridSearchCV
2022-08-07 21:17:05,905:	 INFO:	:Executing:$ GridSearchCV(estimator=RandomForestClassifier(),
             param_grid={'criterion': ['gini', 'entropy'],
                         'max_features': ['auto', 'log2'],
                         'n_estimators': [500]}).cv=5
2022-08-07 21:17:05,905:	 INFO:	:Executing:$ GridSearchCV(cv=5, estimator=RandomForestClassifier(),
             param_grid={'criterion': ['gini', 'entropy'],
                         'max_features': ['auto', 'log2'],
                         'n_estimators': [500]}).verbose=2
2022-08-07 21:17:05,906:	 INFO:	:Executing:$ GridSearchCV(cv=5, estimator=RandomForestClassifier(),
             param_grid={'criterion': ['gini', 'entropy'],
                         'max_features': ['auto', 'log2'],
                         'n_estimators': [500]},
             verbose=2).n_jobs=-1
2022-08-07 21:17:05,906:	 INFO:	:Executing:$ GridSearchCV(cv=5, estimator=RandomForestClassifier(), n_jobs=-1,
             param_grid={'criterion': ['gini', 'entropy'],
                         'max_features': ['auto', 'log2'],
                         'n_estimators': [500]},
             verbose=2).scoring=roc_auc
2022-08-07 21:17:05,907:	 INFO:	:>>>>>>>>>>>>>>>>>>>>>>>>>>>>>>>>>>>>>>>>>>>>>>>>>>>>>>>>>>>> f"Training RandomForestClassifier Started." <<<<<<<<<<<<<<<<<<<<<<<<<<<<<<<<<<<<<<<<<<<<<<<<<<<<<<<<<<<<
2022-08-07 21:17:18,682:	 INFO:	:>>>>>>>>>>>>>>>>>>>>>>>>>>>>>>>>>>>>>>>>>>>>>>>>>>>>>>>>>>>> f"Training RandomForestClassifier Finished" <<<<<<<<<<<<<<<<<<<<<<<<<<<<<<<<<<<<<<<<<<<<<<<<<<<<<<<<<<<<
2022-08-07 21:17:18,683:	 INFO:	:>>>>>>>>>>>>>>>>>>>> Best model: >>>>>>>>>>>>>>>>>>>>
2022-08-07 21:17:18,683:	 INFO:	:RandomForestClassifier(criterion='entropy', max_features='log2',
                       n_estimators=500)
2022-08-07 21:17:18,684:	 INFO:	:>>>>>>>>>>>>>>>>>>>> Best Score: >>>>>>>>>>>>>>>>>>>>
2022-08-07 21:17:18,684:	 INFO:	:0.6622529903546687
2022-08-07 21:17:18,685:	 INFO:	:>>>>>>>>>>>>>>>>>>>> Best Params: >>>>>>>>>>>>>>>>>>>>
2022-08-07 21:17:18,685:	 INFO:	:{'criterion': 'entropy', 'max_features': 'log2', 'n_estimators': 500}
2022-08-07 21:17:18,686:	 INFO:	:Executing command: from <module 'sklearn.model_selection' from '/home/pk/Desktop/MachineLearning/project/Creditcard/venv/lib/python3.7/site-packages/sklearn/model_selection/__init__.py'> import GridSearchCV
2022-08-07 21:17:18,687:	 INFO:	:Executing:$ GridSearchCV(estimator=<catboost.core.CatBoostClassifier object at 0x7f3578e33d50>,
             param_grid={'depth': [3, 5, 7],
                         'eval_metric': ['AUC', 'Accuracy', 'Precision'],
                         'iterations': [100, 200],
                         'learning_rate': [0.01, 0.1]}).cv=5
2022-08-07 21:17:18,688:	 INFO:	:Executing:$ GridSearchCV(cv=5,
             estimator=<catboost.core.CatBoostClassifier object at 0x7f3578e33d50>,
             param_grid={'depth': [3, 5, 7],
                         'eval_metric': ['AUC', 'Accuracy', 'Precision'],
                         'iterations': [100, 200],
                         'learning_rate': [0.01, 0.1]}).verbose=2
2022-08-07 21:17:18,688:	 INFO:	:Executing:$ GridSearchCV(cv=5,
             estimator=<catboost.core.CatBoostClassifier object at 0x7f3578e33d50>,
             param_grid={'depth': [3, 5, 7],
                         'eval_metric': ['AUC', 'Accuracy', 'Precision'],
                         'iterations': [100, 200],
                         'learning_rate': [0.01, 0.1]},
             verbose=2).n_jobs=-1
2022-08-07 21:17:18,689:	 INFO:	:Executing:$ GridSearchCV(cv=5,
             estimator=<catboost.core.CatBoostClassifier object at 0x7f3578e33d50>,
             n_jobs=-1,
             param_grid={'depth': [3, 5, 7],
                         'eval_metric': ['AUC', 'Accuracy', 'Precision'],
                         'iterations': [100, 200],
                         'learning_rate': [0.01, 0.1]},
             verbose=2).scoring=roc_auc
2022-08-07 21:17:18,689:	 INFO:	:>>>>>>>>>>>>>>>>>>>>>>>>>>>>>>>>>>>>>>>>>>>>>>>>>>>>>>>>>>>> f"Training CatBoostClassifier Started." <<<<<<<<<<<<<<<<<<<<<<<<<<<<<<<<<<<<<<<<<<<<<<<<<<<<<<<<<<<<
2022-08-07 21:19:14,613:	 INFO:	:>>>>>>>>>>>>>>>>>>>>>>>>>>>>>>>>>>>>>>>>>>>>>>>>>>>>>>>>>>>> f"Training CatBoostClassifier Finished" <<<<<<<<<<<<<<<<<<<<<<<<<<<<<<<<<<<<<<<<<<<<<<<<<<<<<<<<<<<<
2022-08-07 21:19:14,614:	 INFO:	:>>>>>>>>>>>>>>>>>>>> Best model: >>>>>>>>>>>>>>>>>>>>
2022-08-07 21:19:14,615:	 INFO:	:<catboost.core.CatBoostClassifier object at 0x7f3578a79390>
2022-08-07 21:19:14,616:	 INFO:	:>>>>>>>>>>>>>>>>>>>> Best Score: >>>>>>>>>>>>>>>>>>>>
2022-08-07 21:19:14,617:	 INFO:	:0.6872134927990585
2022-08-07 21:19:14,617:	 INFO:	:>>>>>>>>>>>>>>>>>>>> Best Params: >>>>>>>>>>>>>>>>>>>>
2022-08-07 21:19:14,618:	 INFO:	:{'depth': 5, 'eval_metric': 'AUC', 'iterations': 100, 'learning_rate': 0.1}
2022-08-07 21:19:14,619:	 INFO:	:Executing command: from <module 'sklearn.model_selection' from '/home/pk/Desktop/MachineLearning/project/Creditcard/venv/lib/python3.7/site-packages/sklearn/model_selection/__init__.py'> import GridSearchCV
2022-08-07 21:19:14,625:	 INFO:	:Executing:$ GridSearchCV(estimator=XGBClassifier(base_score=None, booster=None,
                                     callbacks=None, colsample_bylevel=None,
                                     colsample_bynode=None,
                                     colsample_bytree=None,
                                     early_stopping_rounds=None,
                                     enable_categorical=False, eval_metric=None,
                                     gamma=None, gpu_id=None, grow_policy=None,
                                     importance_type=None,
                                     interaction_constraints=None,
                                     learning_rate=None, max_bin=None,
                                     max_cat_to_...
                                     max_delta_step=None, max_depth=None,
                                     max_leaves=None, min_child_weight=None,
                                     missing=nan, monotone_constraints=None,
                                     n_estimators=100, n_jobs=None,
                                     num_parallel_tree=None, predictor=None,
                                     random_state=None, reg_alpha=None,
                                     reg_lambda=None, ...),
             param_grid={'eval_metric': ['auc', 'error', 'logloss'],
                         'learning_rate': [0.01, 0.1], 'max_depth': [3, 5, 7],
                         'n_estimators': [100, 200]}).cv=5
2022-08-07 21:19:14,628:	 INFO:	:Executing:$ GridSearchCV(cv=5,
             estimator=XGBClassifier(base_score=None, booster=None,
                                     callbacks=None, colsample_bylevel=None,
                                     colsample_bynode=None,
                                     colsample_bytree=None,
                                     early_stopping_rounds=None,
                                     enable_categorical=False, eval_metric=None,
                                     gamma=None, gpu_id=None, grow_policy=None,
                                     importance_type=None,
                                     interaction_constraints=None,
                                     learning_rate=None, max_bin=None,
                                     max_ca...
                                     max_delta_step=None, max_depth=None,
                                     max_leaves=None, min_child_weight=None,
                                     missing=nan, monotone_constraints=None,
                                     n_estimators=100, n_jobs=None,
                                     num_parallel_tree=None, predictor=None,
                                     random_state=None, reg_alpha=None,
                                     reg_lambda=None, ...),
             param_grid={'eval_metric': ['auc', 'error', 'logloss'],
                         'learning_rate': [0.01, 0.1], 'max_depth': [3, 5, 7],
                         'n_estimators': [100, 200]}).verbose=2
2022-08-07 21:19:14,631:	 INFO:	:Executing:$ GridSearchCV(cv=5,
             estimator=XGBClassifier(base_score=None, booster=None,
                                     callbacks=None, colsample_bylevel=None,
                                     colsample_bynode=None,
                                     colsample_bytree=None,
                                     early_stopping_rounds=None,
                                     enable_categorical=False, eval_metric=None,
                                     gamma=None, gpu_id=None, grow_policy=None,
                                     importance_type=None,
                                     interaction_constraints=None,
                                     learning_rate=None, max_bin=None,
                                     max_ca...
                                     max_delta_step=None, max_depth=None,
                                     max_leaves=None, min_child_weight=None,
                                     missing=nan, monotone_constraints=None,
                                     n_estimators=100, n_jobs=None,
                                     num_parallel_tree=None, predictor=None,
                                     random_state=None, reg_alpha=None,
                                     reg_lambda=None, ...),
             param_grid={'eval_metric': ['auc', 'error', 'logloss'],
                         'learning_rate': [0.01, 0.1], 'max_depth': [3, 5, 7],
                         'n_estimators': [100, 200]},
             verbose=2).n_jobs=-1
2022-08-07 21:19:14,636:	 INFO:	:Executing:$ GridSearchCV(cv=5,
             estimator=XGBClassifier(base_score=None, booster=None,
                                     callbacks=None, colsample_bylevel=None,
                                     colsample_bynode=None,
                                     colsample_bytree=None,
                                     early_stopping_rounds=None,
                                     enable_categorical=False, eval_metric=None,
                                     gamma=None, gpu_id=None, grow_policy=None,
                                     importance_type=None,
                                     interaction_constraints=None,
                                     learning_rate=None, max_bin=None,
                                     max_ca...
                                     max_delta_step=None, max_depth=None,
                                     max_leaves=None, min_child_weight=None,
                                     missing=nan, monotone_constraints=None,
                                     n_estimators=100, n_jobs=None,
                                     num_parallel_tree=None, predictor=None,
                                     random_state=None, reg_alpha=None,
                                     reg_lambda=None, ...),
             n_jobs=-1,
             param_grid={'eval_metric': ['auc', 'error', 'logloss'],
                         'learning_rate': [0.01, 0.1], 'max_depth': [3, 5, 7],
                         'n_estimators': [100, 200]},
             verbose=2).scoring=roc_auc
2022-08-07 21:19:14,637:	 INFO:	:>>>>>>>>>>>>>>>>>>>>>>>>>>>>>>>>>>>>>>>>>>>>>>>>>>>>>>>>>>>> f"Training XGBClassifier Started." <<<<<<<<<<<<<<<<<<<<<<<<<<<<<<<<<<<<<<<<<<<<<<<<<<<<<<<<<<<<
2022-08-07 21:19:44,753:	 INFO:	:>>>>>>>>>>>>>>>>>>>>>>>>>>>>>>>>>>>>>>>>>>>>>>>>>>>>>>>>>>>> f"Training XGBClassifier Finished" <<<<<<<<<<<<<<<<<<<<<<<<<<<<<<<<<<<<<<<<<<<<<<<<<<<<<<<<<<<<
2022-08-07 21:19:44,755:	 INFO:	:>>>>>>>>>>>>>>>>>>>> Best model: >>>>>>>>>>>>>>>>>>>>
2022-08-07 21:19:44,757:	 INFO:	:XGBClassifier(base_score=0.5, booster='gbtree', callbacks=None,
              colsample_bylevel=1, colsample_bynode=1, colsample_bytree=1,
              early_stopping_rounds=None, enable_categorical=False,
              eval_metric='auc', gamma=0, gpu_id=-1, grow_policy='depthwise',
              importance_type=None, interaction_constraints='',
              learning_rate=0.1, max_bin=256, max_cat_to_onehot=4,
              max_delta_step=0, max_depth=3, max_leaves=0, min_child_weight=1,
              missing=nan, monotone_constraints='()', n_estimators=100,
              n_jobs=0, num_parallel_tree=1, predictor='auto', random_state=0,
              reg_alpha=0, reg_lambda=1, ...)
2022-08-07 21:19:44,761:	 INFO:	:>>>>>>>>>>>>>>>>>>>> Best Score: >>>>>>>>>>>>>>>>>>>>
2022-08-07 21:19:44,761:	 INFO:	:0.6823187329076296
2022-08-07 21:19:44,762:	 INFO:	:>>>>>>>>>>>>>>>>>>>> Best Params: >>>>>>>>>>>>>>>>>>>>
2022-08-07 21:19:44,762:	 INFO:	:{'eval_metric': 'auc', 'learning_rate': 0.1, 'max_depth': 3, 'n_estimators': 100}
2022-08-07 21:19:44,763:	 INFO:	:Acceptable model found:GridSearchedBestModel(model_serial_number='model_1', model=RandomForestClassifier(), best_model=RandomForestClassifier(criterion='entropy', max_features='log2',
                       n_estimators=500), best_parameters={'criterion': 'entropy', 'max_features': 'log2', 'n_estimators': 500}, best_score=0.6622529903546687)
2022-08-07 21:19:44,764:	 INFO:	:Acceptable model found:GridSearchedBestModel(model_serial_number='model_2', model=<catboost.core.CatBoostClassifier object at 0x7f3578e33d50>, best_model=<catboost.core.CatBoostClassifier object at 0x7f3578a79390>, best_parameters={'depth': 5, 'eval_metric': 'AUC', 'iterations': 100, 'learning_rate': 0.1}, best_score=0.6872134927990585)
2022-08-07 21:19:44,765:	 INFO:	:Best model: GridSearchedBestModel(model_serial_number='model_2', model=<catboost.core.CatBoostClassifier object at 0x7f3578e33d50>, best_model=<catboost.core.CatBoostClassifier object at 0x7f3578a79390>, best_parameters={'depth': 5, 'eval_metric': 'AUC', 'iterations': 100, 'learning_rate': 0.1}, best_score=0.6872134927990585)
2022-08-07 21:19:44,771:	 INFO:	:evaluating RandomForestClassifier model
2022-08-07 21:19:44,772:	 INFO:	:predicting RandomForestClassifier model
2022-08-07 21:19:45,430:	 INFO:	:RandomForestClassifier model report
2022-08-07 21:19:45,439:	 INFO:	:Plotting RandomForestClassifier model report
2022-08-07 21:19:45,440:	 INFO:	:{'experiment_id': None, 'model_name': 'RandomForestClassifier', 'model_object': RandomForestClassifier(criterion='entropy', max_features='log2',
                       n_estimators=500), 'train_precision': 0.9990774907749077, 'test_precision': 0.3770491803278688, 'train_recall': 0.9935779816513761, 'test_recall': 0.08582089552238806, 'train_f1': 0.9963201471941121, 'test_f1': 0.1398176291793313, 'train_accuracy': 0.9988098780124963, 'test_accuracy': 0.8316478286734087, 'accuracy_diff': 0.16716204933908763, 'model_accuracy': 0.9152288533429525, 'model_index': 0}
2022-08-07 21:19:45,440:	 INFO:	:Plotting the model report
2022-08-07 21:19:45,465:	 INFO:	:ROC AUC Score for RandomForestClassifier is 0.643716132712235
2022-08-07 21:19:45,809:	 INFO:	:Model report saved at /home/pk/Desktop/MachineLearning/project/Credit_card_default/CCdefault/app_artifact/stage03_model_training/model_report/20220807211041/cluster_2.0/model_report/2022-08-07-21-19-44/RandomForestClassifier
2022-08-07 21:19:45,809:	 INFO:	:evaluating CatBoostClassifier model
2022-08-07 21:19:45,810:	 INFO:	:predicting CatBoostClassifier model
2022-08-07 21:19:45,840:	 INFO:	:CatBoostClassifier model report
2022-08-07 21:19:45,853:	 INFO:	:Plotting CatBoostClassifier model report
2022-08-07 21:19:45,854:	 INFO:	:{'experiment_id': None, 'model_name': 'CatBoostClassifier', 'model_object': <catboost.core.CatBoostClassifier object at 0x7f3578a79390>, 'train_precision': 0.9230769230769231, 'test_precision': 0.7222222222222222, 'train_recall': 0.06605504587155964, 'test_recall': 0.048507462686567165, 'train_f1': 0.1232876712328767, 'test_f1': 0.09090909090909091, 'train_accuracy': 0.847664385599524, 'test_accuracy': 0.8453301606186794, 'accuracy_diff': 0.002334224980844568, 'model_accuracy': 0.8464972731091016, 'model_index': 1}
2022-08-07 21:19:45,854:	 INFO:	:Plotting the model report
2022-08-07 21:19:45,949:	 INFO:	:ROC AUC Score for CatBoostClassifier is 0.6760636837046191
2022-08-07 21:19:47,704:	 INFO:	:Model report saved at /home/pk/Desktop/MachineLearning/project/Credit_card_default/CCdefault/app_artifact/stage03_model_training/model_report/20220807211041/cluster_2.0/model_report/2022-08-07-21-19-44/CatBoostClassifier
2022-08-07 21:19:47,705:	 INFO:	:Acceptable model found MetricInfoArtifact(). 
2022-08-07 21:19:47,705:	 INFO:	:evaluating XGBClassifier model
2022-08-07 21:19:47,706:	 INFO:	:predicting XGBClassifier model
2022-08-07 21:19:47,710:	 INFO:	:XGBClassifier model report
2022-08-07 21:19:47,733:	 INFO:	:Plotting XGBClassifier model report
2022-08-07 21:19:47,735:	 INFO:	:{'experiment_id': None, 'model_name': 'XGBClassifier', 'model_object': XGBClassifier(base_score=0.5, booster='gbtree', callbacks=None,
              colsample_bylevel=1, colsample_bynode=1, colsample_bytree=1,
              early_stopping_rounds=None, enable_categorical=False,
              eval_metric='auc', gamma=0, gpu_id=-1, grow_policy='depthwise',
              importance_type=None, interaction_constraints='',
              learning_rate=0.1, max_bin=256, max_cat_to_onehot=4,
              max_delta_step=0, max_depth=3, max_leaves=0, min_child_weight=1,
              missing=nan, monotone_constraints='()', n_estimators=100,
              n_jobs=0, num_parallel_tree=1, predictor='auto', random_state=0,
              reg_alpha=0, reg_lambda=1, ...), 'train_precision': 0.8787878787878788, 'test_precision': 0.6875, 'train_recall': 0.05321100917431193, 'test_recall': 0.041044776119402986, 'train_f1': 0.10034602076124567, 'test_f1': 0.07746478873239437, 'train_accuracy': 0.8452841416245165, 'test_accuracy': 0.8441403926234384, 'accuracy_diff': 0.0011437490010780538, 'model_accuracy': 0.8447122671239775, 'model_index': 2}
2022-08-07 21:19:47,736:	 INFO:	:Plotting the model report
2022-08-07 21:19:47,786:	 INFO:	:ROC AUC Score for XGBClassifier is 0.6702752162753114
2022-08-07 21:19:49,406:	 INFO:	:Model report saved at /home/pk/Desktop/MachineLearning/project/Credit_card_default/CCdefault/app_artifact/stage03_model_training/model_report/20220807211041/cluster_2.0/model_report/2022-08-07-21-19-44/XGBClassifier
2022-08-07 21:19:49,691:	 INFO:	:evaluating EstimatorModel model
2022-08-07 21:19:49,693:	 INFO:	:predicting EstimatorModel model
2022-08-07 21:20:20,451:	 INFO:	:AttributeError
2022-08-07 21:20:20,452:	 INFO:	:EstimatorModel model report
2022-08-07 21:20:20,485:	 INFO:	:Plotting EstimatorModel model report
2022-08-07 21:20:20,485:	 INFO:	:{'experiment_id': None, 'model_name': 'EstimatorModel', 'model_object': dict(), 'train_precision': 0.7549085985104943, 'test_precision': 0.6562922868741543, 'train_recall': 0.42004143906573743, 'test_recall': 0.3654860587792012, 'train_f1': 0.5397555367300012, 'test_f1': 0.46950629235237173, 'train_accuracy': 0.8415416666666666, 'test_accuracy': 0.8173333333333334, 'accuracy_diff': 0.024208333333333276, 'model_accuracy': 0.8294375, 'model_index': 0}
2022-08-07 21:20:20,486:	 INFO:	:Plotting the model report
2022-08-07 21:20:20,488:	 ERROR:	:Expected sequence or array-like, got <class 'int'>
2022-08-07 21:20:20,516:	 ERROR:	:local variable 'roc_auc' referenced before assignment
2022-08-07 21:20:20,626:	 INFO:	:Model report saved at /home/pk/Desktop/MachineLearning/project/Credit_card_default/CCdefault/app_artifact/stage03_model_training/model_report/20220807211041/cluster_custom_model/model_report/2022-08-07-21-19-49/EstimatorModel
2022-08-07 21:20:20,626:	 INFO:	:Acceptable model found MetricInfoArtifact(). 
