2022-08-07 21:11:32,529:	 INFO:	:>>>>>>>>>>>>>>>>>>>>>>>>>>>>>>>>>>>>>>>>>>>>>>>>>>>>>>>>>>>>Model trainer log started.<<<<<<<<<<<<<<<<<<<<<<<<<<<<<<<<<<<<<<<<<<<<<<<<<<<<<<<<<<<< 
2022-08-07 21:11:32,699:	 INFO:	:Loading transformed training dataset
2022-08-07 21:11:32,706:	 INFO:	:Training model for cluster 0.0
2022-08-07 21:11:32,709:	 INFO:	:Extracting model config file path
2022-08-07 21:11:32,710:	 INFO:	:Initializing model factory class using above model config file: config/model.yaml
2022-08-07 21:11:32,716:	 INFO:	:Expected accuracy: 0.3
2022-08-07 21:11:32,717:	 INFO:	:Initiating operation model selection
2022-08-07 21:13:22,959:	 INFO:	:Best model found on training dataset: GridSearchedBestModel(model_serial_number='model_2', model=<catboost.core.CatBoostClassifier object at 0x7f3589826310>, best_model=<catboost.core.CatBoostClassifier object at 0x7f35793a5f10>, best_parameters={'depth': 3, 'eval_metric': 'AUC', 'iterations': 200, 'learning_rate': 0.01}, best_score=0.8044851561981249)
2022-08-07 21:13:22,959:	 INFO:	:Extracting trained model list.
2022-08-07 21:13:22,962:	 INFO:	:Model list: [RandomForestClassifier(criterion='entropy', n_estimators=500), <catboost.core.CatBoostClassifier object at 0x7f35793a5f10>, XGBClassifier(base_score=0.5, booster='gbtree', callbacks=None,
              colsample_bylevel=1, colsample_bynode=1, colsample_bytree=1,
              early_stopping_rounds=None, enable_categorical=False,
              eval_metric='auc', gamma=0, gpu_id=-1, grow_policy='depthwise',
              importance_type=None, interaction_constraints='',
              learning_rate=0.01, max_bin=256, max_cat_to_onehot=4,
              max_delta_step=0, max_depth=3, max_leaves=0, min_child_weight=1,
              missing=nan, monotone_constraints='()', n_estimators=200,
              n_jobs=0, num_parallel_tree=1, predictor='auto', random_state=0,
              reg_alpha=0, reg_lambda=1, ...)] , 3
2022-08-07 21:13:22,963:	 INFO:	:Evaluation all trained model on training and testing dataset both
2022-08-07 21:13:25,356:	 INFO:	:Metric info: MetricInfoArtifact()
2022-08-07 21:13:25,370:	 INFO:	:Training model for cluster 1.0
2022-08-07 21:13:25,384:	 INFO:	:Extracting model config file path
2022-08-07 21:13:25,385:	 INFO:	:Initializing model factory class using above model config file: config/model.yaml
2022-08-07 21:13:25,388:	 INFO:	:Expected accuracy: 0.3
2022-08-07 21:13:25,388:	 INFO:	:Initiating operation model selection
2022-08-07 21:16:58,698:	 INFO:	:Best model found on training dataset: GridSearchedBestModel(model_serial_number='model_2', model=<catboost.core.CatBoostClassifier object at 0x7f35788daa50>, best_model=<catboost.core.CatBoostClassifier object at 0x7f3578c88490>, best_parameters={'depth': 7, 'eval_metric': 'AUC', 'iterations': 100, 'learning_rate': 0.1}, best_score=0.8079271597317323)
2022-08-07 21:16:58,698:	 INFO:	:Extracting trained model list.
2022-08-07 21:16:58,702:	 INFO:	:Model list: [RandomForestClassifier(criterion='entropy', n_estimators=500), <catboost.core.CatBoostClassifier object at 0x7f3578c88490>, XGBClassifier(base_score=0.5, booster='gbtree', callbacks=None,
              colsample_bylevel=1, colsample_bynode=1, colsample_bytree=1,
              early_stopping_rounds=None, enable_categorical=False,
              eval_metric='auc', gamma=0, gpu_id=-1, grow_policy='depthwise',
              importance_type=None, interaction_constraints='',
              learning_rate=0.1, max_bin=256, max_cat_to_onehot=4,
              max_delta_step=0, max_depth=3, max_leaves=0, min_child_weight=1,
              missing=nan, monotone_constraints='()', n_estimators=100,
              n_jobs=0, num_parallel_tree=1, predictor='auto', random_state=0,
              reg_alpha=0, reg_lambda=1, ...)] , 3
2022-08-07 21:16:58,703:	 INFO:	:Evaluation all trained model on training and testing dataset both
2022-08-07 21:17:05,895:	 INFO:	:Metric info: MetricInfoArtifact()
2022-08-07 21:17:05,896:	 INFO:	:Training model for cluster 2.0
2022-08-07 21:17:05,898:	 INFO:	:Extracting model config file path
2022-08-07 21:17:05,898:	 INFO:	:Initializing model factory class using above model config file: config/model.yaml
2022-08-07 21:17:05,901:	 INFO:	:Expected accuracy: 0.3
2022-08-07 21:17:05,901:	 INFO:	:Initiating operation model selection
2022-08-07 21:19:44,765:	 INFO:	:Best model found on training dataset: GridSearchedBestModel(model_serial_number='model_2', model=<catboost.core.CatBoostClassifier object at 0x7f3578e33d50>, best_model=<catboost.core.CatBoostClassifier object at 0x7f3578a79390>, best_parameters={'depth': 5, 'eval_metric': 'AUC', 'iterations': 100, 'learning_rate': 0.1}, best_score=0.6872134927990585)
2022-08-07 21:19:44,766:	 INFO:	:Extracting trained model list.
2022-08-07 21:19:44,770:	 INFO:	:Model list: [RandomForestClassifier(criterion='entropy', max_features='log2',
                       n_estimators=500), <catboost.core.CatBoostClassifier object at 0x7f3578a79390>, XGBClassifier(base_score=0.5, booster='gbtree', callbacks=None,
              colsample_bylevel=1, colsample_bynode=1, colsample_bytree=1,
              early_stopping_rounds=None, enable_categorical=False,
              eval_metric='auc', gamma=0, gpu_id=-1, grow_policy='depthwise',
              importance_type=None, interaction_constraints='',
              learning_rate=0.1, max_bin=256, max_cat_to_onehot=4,
              max_delta_step=0, max_depth=3, max_leaves=0, min_child_weight=1,
              missing=nan, monotone_constraints='()', n_estimators=100,
              n_jobs=0, num_parallel_tree=1, predictor='auto', random_state=0,
              reg_alpha=0, reg_lambda=1, ...)] , 3
2022-08-07 21:19:44,771:	 INFO:	:Evaluation all trained model on training and testing dataset both
2022-08-07 21:19:49,406:	 INFO:	:Metric info: MetricInfoArtifact()
2022-08-07 21:19:49,408:	 INFO:	:Best found model on both training and testing dataset.
2022-08-07 21:20:20,627:	 INFO:	:Saving model at path: /home/pk/Desktop/MachineLearning/project/Credit_card_default/CCdefault/app_artifact/stage03_model_training/trained_model/20220807211041/model.pkl
2022-08-07 21:20:20,647:	 INFO:	:Model Trainer Artifact: ModelTrainerArtifact(is_trained=True, message='Model Trained successfully', trained_model_file_path='/home/pk/Desktop/MachineLearning/project/Credit_card_default/CCdefault/app_artifact/stage03_model_training/trained_model/20220807211041/model.pkl', train_f1='None', test_f1='metric_info.test_f1', train_precision='metric_info.train_precision', test_precision='metric_info.test_precision', model_accuracy='metric_info.model_accuracy')
